;  LST file generated by mikroListExporter - v.2.0 
; Date/Time: 17.12.2023 15:45:56
;----------------------------------------------

;Address Opcode 	ASM
0x0000	0x2AD6      	GOTO       726
_Div_16X16_U:
;__Lib_Math.c,215 :: 		
;__Lib_Math.c,222 :: 		
0x0003	0x1283      	BCF        STATUS, 5
;__Lib_Math.c,223 :: 		
0x0004	0x1303      	BCF        STATUS, 6
;__Lib_Math.c,224 :: 		
0x0005	0x01F8      	CLRF       R8
;__Lib_Math.c,225 :: 		
0x0006	0x01F9      	CLRF       R9
;__Lib_Math.c,226 :: 		
0x0007	0x3010      	MOVLW      16
;__Lib_Math.c,227 :: 		
0x0008	0x00FC      	MOVWF      R12
;__Lib_Math.c,228 :: 		
0x0009	0x0D71      	RLF        R1, 0
;__Lib_Math.c,229 :: 		
0x000A	0x0DF8      	RLF        R8, 1
;__Lib_Math.c,230 :: 		
0x000B	0x0DF9      	RLF        R9, 1
;__Lib_Math.c,231 :: 		
0x000C	0x0874      	MOVF       R4, 0
;__Lib_Math.c,232 :: 		
0x000D	0x02F8      	SUBWF      R8, 1
;__Lib_Math.c,233 :: 		
0x000E	0x0875      	MOVF       R5, 0
;__Lib_Math.c,234 :: 		
0x000F	0x1C03      	BTFSS      STATUS, 0
;__Lib_Math.c,235 :: 		
0x0010	0x0F75      	INCFSZ     R5, 0
;__Lib_Math.c,236 :: 		
0x0011	0x02F9      	SUBWF      R9, 1
;__Lib_Math.c,237 :: 		
0x0012	0x1803      	BTFSC      STATUS, 0
;__Lib_Math.c,238 :: 		
0x0013	0x281B      	GOTO       $+8
;__Lib_Math.c,239 :: 		
0x0014	0x0874      	MOVF       R4, 0
;__Lib_Math.c,240 :: 		
0x0015	0x07F8      	ADDWF      R8, 1
;__Lib_Math.c,241 :: 		
0x0016	0x0875      	MOVF       R5, 0
;__Lib_Math.c,242 :: 		
0x0017	0x1803      	BTFSC      STATUS, 0
;__Lib_Math.c,243 :: 		
0x0018	0x0F75      	INCFSZ     R5, 0
;__Lib_Math.c,244 :: 		
0x0019	0x07F9      	ADDWF      R9, 1
;__Lib_Math.c,245 :: 		
0x001A	0x1003      	BCF        STATUS, 0
;__Lib_Math.c,246 :: 		
0x001B	0x0DF0      	RLF        R0, 1
;__Lib_Math.c,247 :: 		
0x001C	0x0DF1      	RLF        R1, 1
;__Lib_Math.c,248 :: 		
0x001D	0x0BFC      	DECFSZ     R12, 1
;__Lib_Math.c,249 :: 		
0x001E	0x2809      	GOTO       $-21
;__Lib_Math.c,251 :: 		
L_end_Div_16X16_U:
0x001F	0x0008      	RETURN
; end of _Div_16X16_U
_isdigit:
;__Lib_CType.c,23 :: 		
;__Lib_CType.c,24 :: 		
0x0020	0x1283      	BCF        STATUS, 5
0x0021	0x1303      	BCF        STATUS, 6
0x0022	0x0852      	MOVF       FARG_isdigit_character, 0
0x0023	0x3C39      	SUBLW      57
0x0024	0x1C03      	BTFSS      STATUS, 0
0x0025	0x282D      	GOTO       L_isdigit9
0x0026	0x3030      	MOVLW      48
0x0027	0x0252      	SUBWF      FARG_isdigit_character, 0
0x0028	0x1C03      	BTFSS      STATUS, 0
0x0029	0x282D      	GOTO       L_isdigit9
0x002A	0x3001      	MOVLW      1
0x002B	0x00F0      	MOVWF      R0
0x002C	0x282E      	GOTO       L_isdigit8
L_isdigit9:
0x002D	0x01F0      	CLRF       R0
L_isdigit8:
;__Lib_CType.c,25 :: 		
L_end_isdigit:
0x002E	0x0008      	RETURN
; end of _isdigit
_UART1_Write:
;__Lib_UART_c67.c,39 :: 		
;__Lib_UART_c67.c,40 :: 		
L_UART1_Write3:
0x002F	0x1683      	BSF        STATUS, 5
0x0030	0x1303      	BCF        STATUS, 6
0x0031	0x1898      	BTFSC      TXSTA, 1
0x0032	0x2835      	GOTO       L_UART1_Write4
;__Lib_UART_c67.c,41 :: 		
0x0033	0x0000      	NOP
0x0034	0x282F      	GOTO       L_UART1_Write3
L_UART1_Write4:
;__Lib_UART_c67.c,42 :: 		
0x0035	0x1283      	BCF        STATUS, 5
0x0036	0x0852      	MOVF       FARG_UART1_Write_data_, 0
0x0037	0x0099      	MOVWF      TXREG
;__Lib_UART_c67.c,43 :: 		
L_end_UART1_Write:
0x0038	0x0008      	RETURN
; end of _UART1_Write
_WordToStr:
;__Lib_Conversions.c,98 :: 		
;__Lib_Conversions.c,103 :: 		
0x0039	0x1283      	BCF        STATUS, 5
0x003A	0x1303      	BCF        STATUS, 6
0x003B	0x01D5      	CLRF       WordToStr_len_L0
L_WordToStr11:
0x003C	0x3005      	MOVLW      5
0x003D	0x0255      	SUBWF      WordToStr_len_L0, 0
0x003E	0x1803      	BTFSC      STATUS, 0
0x003F	0x2847      	GOTO       L_WordToStr12
;__Lib_Conversions.c,104 :: 		
0x0040	0x0855      	MOVF       WordToStr_len_L0, 0
0x0041	0x0754      	ADDWF      FARG_WordToStr_output, 0
0x0042	0x0084      	MOVWF      FSR
0x0043	0x3020      	MOVLW      32
0x0044	0x0080      	MOVWF      INDF
;__Lib_Conversions.c,103 :: 		
0x0045	0x0AD5      	INCF       WordToStr_len_L0, 1
;__Lib_Conversions.c,104 :: 		
0x0046	0x283C      	GOTO       L_WordToStr11
L_WordToStr12:
;__Lib_Conversions.c,105 :: 		
0x0047	0x0855      	MOVF       WordToStr_len_L0, 0
0x0048	0x0754      	ADDWF      FARG_WordToStr_output, 0
0x0049	0x0084      	MOVWF      FSR
0x004A	0x0180      	CLRF       INDF
0x004B	0x03D5      	DECF       WordToStr_len_L0, 1
;__Lib_Conversions.c,107 :: 		
L_WordToStr14:
;__Lib_Conversions.c,108 :: 		
0x004C	0x0855      	MOVF       WordToStr_len_L0, 0
0x004D	0x0754      	ADDWF      FARG_WordToStr_output, 0
0x004E	0x00D6      	MOVWF      FLOC__WordToStr
0x004F	0x300A      	MOVLW      10
0x0050	0x00F4      	MOVWF      R4
0x0051	0x01F5      	CLRF       R4+1
0x0052	0x0852      	MOVF       FARG_WordToStr_input, 0
0x0053	0x00F0      	MOVWF      R0
0x0054	0x0853      	MOVF       FARG_WordToStr_input+1, 0
0x0055	0x00F1      	MOVWF      R0+1
0x0056	0x2003      	CALL       _Div_16X16_U
0x0057	0x0878      	MOVF       R8, 0
0x0058	0x00F0      	MOVWF      R0
0x0059	0x0879      	MOVF       R8+1, 0
0x005A	0x00F1      	MOVWF      R0+1
0x005B	0x3030      	MOVLW      48
0x005C	0x07F0      	ADDWF      R0, 1
0x005D	0x0856      	MOVF       FLOC__WordToStr, 0
0x005E	0x0084      	MOVWF      FSR
0x005F	0x0870      	MOVF       R0, 0
0x0060	0x0080      	MOVWF      INDF
;__Lib_Conversions.c,109 :: 		
0x0061	0x300A      	MOVLW      10
0x0062	0x00F4      	MOVWF      R4
0x0063	0x01F5      	CLRF       R4+1
0x0064	0x0852      	MOVF       FARG_WordToStr_input, 0
0x0065	0x00F0      	MOVWF      R0
0x0066	0x0853      	MOVF       FARG_WordToStr_input+1, 0
0x0067	0x00F1      	MOVWF      R0+1
0x0068	0x2003      	CALL       _Div_16X16_U
0x0069	0x0870      	MOVF       R0, 0
0x006A	0x00D2      	MOVWF      FARG_WordToStr_input
0x006B	0x0871      	MOVF       R0+1, 0
0x006C	0x00D3      	MOVWF      FARG_WordToStr_input+1
;__Lib_Conversions.c,110 :: 		
0x006D	0x3000      	MOVLW      0
0x006E	0x0671      	XORWF      R0+1, 0
0x006F	0x1D03      	BTFSS      STATUS, 2
0x0070	0x2873      	GOTO       L__WordToStr379
0x0071	0x3000      	MOVLW      0
0x0072	0x0670      	XORWF      R0, 0
L__WordToStr379:
0x0073	0x1D03      	BTFSS      STATUS, 2
0x0074	0x2876      	GOTO       L_WordToStr16
;__Lib_Conversions.c,111 :: 		
0x0075	0x2878      	GOTO       L_WordToStr15
L_WordToStr16:
;__Lib_Conversions.c,112 :: 		
0x0076	0x03D5      	DECF       WordToStr_len_L0, 1
;__Lib_Conversions.c,113 :: 		
0x0077	0x284C      	GOTO       L_WordToStr14
L_WordToStr15:
;__Lib_Conversions.c,114 :: 		
L_end_WordToStr:
0x0078	0x0008      	RETURN
; end of _WordToStr
_Mul_16X16_U:
;__Lib_Math.c,136 :: 		
;__Lib_Math.c,143 :: 		
0x0079	0x1283      	BCF        STATUS, 5
;__Lib_Math.c,144 :: 		
0x007A	0x1303      	BCF        STATUS, 6
;__Lib_Math.c,145 :: 		
0x007B	0x01FB      	CLRF       R11
;__Lib_Math.c,146 :: 		
0x007C	0x01FA      	CLRF       R10
;__Lib_Math.c,147 :: 		
0x007D	0x01F9      	CLRF       R9
;__Lib_Math.c,148 :: 		
0x007E	0x3080      	MOVLW      128
;__Lib_Math.c,149 :: 		
0x007F	0x00F8      	MOVWF      R8
;__Lib_Math.c,150 :: 		
0x0080	0x0CF1      	RRF        R1, 1
;__Lib_Math.c,151 :: 		
0x0081	0x0CF0      	RRF        R0, 1
;__Lib_Math.c,152 :: 		
0x0082	0x1C03      	BTFSS      STATUS, 0
;__Lib_Math.c,153 :: 		
0x0083	0x288D      	GOTO       $+10
;__Lib_Math.c,154 :: 		
0x0084	0x0874      	MOVF       R4, 0
;__Lib_Math.c,155 :: 		
0x0085	0x07F9      	ADDWF      R9, 1
;__Lib_Math.c,156 :: 		
0x0086	0x0875      	MOVF       R5, 0
;__Lib_Math.c,157 :: 		
0x0087	0x1803      	BTFSC      STATUS, 0
;__Lib_Math.c,158 :: 		
0x0088	0x0F75      	INCFSZ     R5, 0
;__Lib_Math.c,159 :: 		
0x0089	0x07FA      	ADDWF      R10, 1
;__Lib_Math.c,160 :: 		
0x008A	0x1803      	BTFSC      STATUS, 0
;__Lib_Math.c,161 :: 		
0x008B	0x0AFB      	INCF       R11, 1
;__Lib_Math.c,162 :: 		
0x008C	0x1003      	BCF        STATUS, 0
;__Lib_Math.c,163 :: 		
0x008D	0x1FF0      	BTFSS      R0, 7
;__Lib_Math.c,164 :: 		
0x008E	0x2895      	GOTO       $+7
;__Lib_Math.c,165 :: 		
0x008F	0x0874      	MOVF       R4, 0
;__Lib_Math.c,166 :: 		
0x0090	0x07FA      	ADDWF      R10, 1
;__Lib_Math.c,167 :: 		
0x0091	0x0875      	MOVF       R5, 0
;__Lib_Math.c,168 :: 		
0x0092	0x1803      	BTFSC      STATUS, 0
;__Lib_Math.c,169 :: 		
0x0093	0x0F75      	INCFSZ     R5, 0
;__Lib_Math.c,170 :: 		
0x0094	0x07FB      	ADDWF      R11, 1
;__Lib_Math.c,171 :: 		
0x0095	0x0CFB      	RRF        R11, 1
;__Lib_Math.c,172 :: 		
0x0096	0x0CFA      	RRF        R10, 1
;__Lib_Math.c,173 :: 		
0x0097	0x0CF9      	RRF        R9, 1
;__Lib_Math.c,174 :: 		
0x0098	0x0CF8      	RRF        R8, 1
;__Lib_Math.c,175 :: 		
0x0099	0x1C03      	BTFSS      STATUS, 0
;__Lib_Math.c,176 :: 		
0x009A	0x2880      	GOTO       $-26
;__Lib_Math.c,177 :: 		
0x009B	0x087B      	MOVF       R11, 0
;__Lib_Math.c,178 :: 		
0x009C	0x00F3      	MOVWF      R3
;__Lib_Math.c,179 :: 		
0x009D	0x087A      	MOVF       R10, 0
;__Lib_Math.c,180 :: 		
0x009E	0x00F2      	MOVWF      R2
;__Lib_Math.c,181 :: 		
0x009F	0x0879      	MOVF       R9, 0
;__Lib_Math.c,182 :: 		
0x00A0	0x00F1      	MOVWF      R1
;__Lib_Math.c,183 :: 		
0x00A1	0x0878      	MOVF       R8, 0
;__Lib_Math.c,184 :: 		
0x00A2	0x00F0      	MOVWF      R0
;__Lib_Math.c,187 :: 		
L_end_Mul_16X16_U:
0x00A3	0x0008      	RETURN
; end of _Mul_16X16_U
_Mul_32x32_U:
;__Lib_Math.c,1775 :: 		
;__Lib_Math.c,1790 :: 		
0x00A4	0x1283      	BCF        STATUS, 5
;__Lib_Math.c,1791 :: 		
0x00A5	0x1303      	BCF        STATUS, 6
;__Lib_Math.c,1792 :: 		
0x00A6	0x3022      	MOVLW      34
;__Lib_Math.c,1793 :: 		
0x00A7	0x00FC      	MOVWF      R12
;__Lib_Math.c,1794 :: 		
0x00A8	0x01F8      	CLRF       R8
;__Lib_Math.c,1795 :: 		
0x00A9	0x01F9      	CLRF       R9
;__Lib_Math.c,1796 :: 		
0x00AA	0x01FA      	CLRF       R10
;__Lib_Math.c,1797 :: 		
0x00AB	0x01FB      	CLRF       R11
;__Lib_Math.c,1799 :: 		
_NEXT:
;__Lib_Math.c,1803 :: 		
0x00AC	0x03FC      	DECF       R12, 1
;__Lib_Math.c,1804 :: 		
0x00AD	0x1903      	BTFSC      STATUS, 2
;__Lib_Math.c,1805 :: 		
0x00AE	0x28DA      	GOTO       _EXIT2
;__Lib_Math.c,1806 :: 		
0x00AF	0x1003      	BCF        STATUS, 0
;__Lib_Math.c,1808 :: 		
_LOOP:
;__Lib_Math.c,1817 :: 		
0x00B0	0x0CFB      	RRF        R11, 1
;__Lib_Math.c,1818 :: 		
0x00B1	0x0CFA      	RRF        R10, 1
;__Lib_Math.c,1819 :: 		
0x00B2	0x0CF9      	RRF        R9, 1
;__Lib_Math.c,1820 :: 		
0x00B3	0x0CF8      	RRF        R8, 1
;__Lib_Math.c,1821 :: 		
0x00B4	0x0CF3      	RRF        R3, 1
;__Lib_Math.c,1822 :: 		
0x00B5	0x0CF2      	RRF        R2, 1
;__Lib_Math.c,1823 :: 		
0x00B6	0x0CF1      	RRF        R1, 1
;__Lib_Math.c,1824 :: 		
0x00B7	0x0CF0      	RRF        R0, 1
;__Lib_Math.c,1829 :: 		
0x00B8	0x1C03      	BTFSS      STATUS, 0
;__Lib_Math.c,1830 :: 		
0x00B9	0x28AC      	GOTO       _NEXT
;__Lib_Math.c,1831 :: 		
0x00BA	0x03FC      	DECF       R12, 1
;__Lib_Math.c,1832 :: 		
0x00BB	0x1903      	BTFSC      STATUS, 2
;__Lib_Math.c,1833 :: 		
0x00BC	0x28CC      	GOTO       _EXIT1
;__Lib_Math.c,1840 :: 		
0x00BD	0x0874      	MOVF       R4, 0
;__Lib_Math.c,1841 :: 		
0x00BE	0x07F8      	ADDWF      R8, 1
;__Lib_Math.c,1842 :: 		
0x00BF	0x0875      	MOVF       R5, 0
;__Lib_Math.c,1843 :: 		
0x00C0	0x1803      	BTFSC      STATUS, 0
;__Lib_Math.c,1844 :: 		
0x00C1	0x0F75      	INCFSZ     R5, 0
;__Lib_Math.c,1845 :: 		
0x00C2	0x07F9      	ADDWF      R9, 1
;__Lib_Math.c,1846 :: 		
0x00C3	0x0876      	MOVF       R6, 0
;__Lib_Math.c,1847 :: 		
0x00C4	0x1803      	BTFSC      STATUS, 0
;__Lib_Math.c,1848 :: 		
0x00C5	0x0F76      	INCFSZ     R6, 0
;__Lib_Math.c,1849 :: 		
0x00C6	0x07FA      	ADDWF      R10, 1
;__Lib_Math.c,1850 :: 		
0x00C7	0x0877      	MOVF       R7, 0
;__Lib_Math.c,1851 :: 		
0x00C8	0x1803      	BTFSC      STATUS, 0
;__Lib_Math.c,1852 :: 		
0x00C9	0x0F77      	INCFSZ     R7, 0
;__Lib_Math.c,1853 :: 		
0x00CA	0x07FB      	ADDWF      R11, 1
;__Lib_Math.c,1855 :: 		
0x00CB	0x28B0      	GOTO       _LOOP
;__Lib_Math.c,1857 :: 		
_EXIT1:
;__Lib_Math.c,1862 :: 		
0x00CC	0x0874      	MOVF       R4, 0
;__Lib_Math.c,1863 :: 		
0x00CD	0x07F8      	ADDWF      R8, 1
;__Lib_Math.c,1864 :: 		
0x00CE	0x0875      	MOVF       R5, 0
;__Lib_Math.c,1865 :: 		
0x00CF	0x1803      	BTFSC      STATUS, 0
;__Lib_Math.c,1866 :: 		
0x00D0	0x0F75      	INCFSZ     R5, 0
;__Lib_Math.c,1867 :: 		
0x00D1	0x07F9      	ADDWF      R9, 1
;__Lib_Math.c,1868 :: 		
0x00D2	0x0876      	MOVF       R6, 0
;__Lib_Math.c,1869 :: 		
0x00D3	0x1803      	BTFSC      STATUS, 0
;__Lib_Math.c,1870 :: 		
0x00D4	0x0F76      	INCFSZ     R6, 0
;__Lib_Math.c,1871 :: 		
0x00D5	0x07FA      	ADDWF      R10, 1
;__Lib_Math.c,1872 :: 		
0x00D6	0x0877      	MOVF       R7, 0
;__Lib_Math.c,1873 :: 		
0x00D7	0x1803      	BTFSC      STATUS, 0
;__Lib_Math.c,1874 :: 		
0x00D8	0x0F77      	INCFSZ     R7, 0
;__Lib_Math.c,1875 :: 		
0x00D9	0x07FB      	ADDWF      R11, 1
;__Lib_Math.c,1878 :: 		
_EXIT2:
;__Lib_Math.c,1880 :: 		
L_end_Mul_32x32_U:
0x00DA	0x0008      	RETURN
; end of _Mul_32x32_U
_UART1_Read:
;__Lib_UART_c67.c,21 :: 		
;__Lib_UART_c67.c,24 :: 		
0x00DB	0x1283      	BCF        STATUS, 5
0x00DC	0x1303      	BCF        STATUS, 6
0x00DD	0x081A      	MOVF       RCREG, 0
0x00DE	0x00F1      	MOVWF      R1
;__Lib_UART_c67.c,25 :: 		
0x00DF	0x1C98      	BTFSS      RCSTA, 1
0x00E0	0x28E3      	GOTO       L_UART1_Read2
;__Lib_UART_c67.c,26 :: 		
0x00E1	0x1218      	BCF        RCSTA, 4
;__Lib_UART_c67.c,27 :: 		
0x00E2	0x1618      	BSF        RCSTA, 4
;__Lib_UART_c67.c,28 :: 		
L_UART1_Read2:
;__Lib_UART_c67.c,29 :: 		
0x00E3	0x0871      	MOVF       R1, 0
0x00E4	0x00F0      	MOVWF      R0
;__Lib_UART_c67.c,30 :: 		
L_end_UART1_Read:
0x00E5	0x0008      	RETURN
; end of _UART1_Read
_____DoICP:
;__Lib_System.c,6 :: 		
;__Lib_System.c,9 :: 		
0x00E6	0x1283      	BCF        STATUS, 5
0x00E7	0x1303      	BCF        STATUS, 6
0x00E8	0x0839      	MOVF       ___DoICPAddr+1, 0
0x00E9	0x008A      	MOVWF      PCLATH
;__Lib_System.c,10 :: 		
0x00EA	0x0838      	MOVF       ___DoICPAddr, 0
0x00EB	0x0082      	MOVWF      PCL
;__Lib_System.c,12 :: 		
L_end_____DoICP:
0x00EC	0x0008      	RETURN
; end of _____DoICP
_UART1_Data_Ready:
;__Lib_UART_c67.c,16 :: 		
;__Lib_UART_c67.c,17 :: 		
0x00ED	0x3000      	MOVLW      0
0x00EE	0x1283      	BCF        STATUS, 5
0x00EF	0x1303      	BCF        STATUS, 6
0x00F0	0x1A8C      	BTFSC      PIR1, 5
0x00F1	0x3001      	MOVLW      1
0x00F2	0x00F0      	MOVWF      R0
;__Lib_UART_c67.c,18 :: 		
L_end_UART1_Data_Ready:
0x00F3	0x0008      	RETURN
; end of _UART1_Data_Ready
_atoi:
;__Lib_CStdlib.c,181 :: 		
;__Lib_CStdlib.c,186 :: 		
___atoi_skipws_atoi:
;__Lib_CStdlib.c,187 :: 		
0x00F4	0x1283      	BCF        STATUS, 5
0x00F5	0x1303      	BCF        STATUS, 6
0x00F6	0x0849      	MOVF       FARG_atoi_s, 0
0x00F7	0x0084      	MOVWF      FSR
0x00F8	0x0800      	MOVF       INDF, 0
0x00F9	0x00CA      	MOVWF      atoi_c_L0
0x00FA	0x01CB      	CLRF       atoi_c_L0+1
0x00FB	0x3000      	MOVLW      0
0x00FC	0x00CB      	MOVWF      atoi_c_L0+1
;__Lib_CStdlib.c,188 :: 		
0x00FD	0x3000      	MOVLW      0
0x00FE	0x064B      	XORWF      atoi_c_L0+1, 0
0x00FF	0x1D03      	BTFSS      STATUS, 2
0x0100	0x2903      	GOTO       L__atoi100
0x0101	0x3020      	MOVLW      32
0x0102	0x064A      	XORWF      atoi_c_L0, 0
L__atoi100:
0x0103	0x1903      	BTFSC      STATUS, 2
0x0104	0x290E      	GOTO       L__atoi90
0x0105	0x3000      	MOVLW      0
0x0106	0x064B      	XORWF      atoi_c_L0+1, 0
0x0107	0x1D03      	BTFSS      STATUS, 2
0x0108	0x290B      	GOTO       L__atoi101
0x0109	0x3009      	MOVLW      9
0x010A	0x064A      	XORWF      atoi_c_L0, 0
L__atoi101:
0x010B	0x1903      	BTFSC      STATUS, 2
0x010C	0x290E      	GOTO       L__atoi90
0x010D	0x2910      	GOTO       L_atoi55
L__atoi90:
;__Lib_CStdlib.c,189 :: 		
0x010E	0x0AC9      	INCF       FARG_atoi_s, 1
;__Lib_CStdlib.c,190 :: 		
0x010F	0x28F4      	GOTO       ___atoi_skipws_atoi
;__Lib_CStdlib.c,191 :: 		
L_atoi55:
;__Lib_CStdlib.c,192 :: 		
0x0110	0x01CC      	CLRF       atoi_a_L0
0x0111	0x01CD      	CLRF       atoi_a_L0+1
;__Lib_CStdlib.c,193 :: 		
0x0112	0x01CE      	CLRF       atoi_sign_L0
0x0113	0x01CF      	CLRF       atoi_sign_L0+1
;__Lib_CStdlib.c,194 :: 		
0x0114	0x3000      	MOVLW      0
0x0115	0x064B      	XORWF      atoi_c_L0+1, 0
0x0116	0x1D03      	BTFSS      STATUS, 2
0x0117	0x291A      	GOTO       L__atoi102
0x0118	0x302D      	MOVLW      45
0x0119	0x064A      	XORWF      atoi_c_L0, 0
L__atoi102:
0x011A	0x1D03      	BTFSS      STATUS, 2
0x011B	0x2921      	GOTO       L_atoi56
;__Lib_CStdlib.c,195 :: 		
0x011C	0x0ACE      	INCF       atoi_sign_L0, 1
0x011D	0x1903      	BTFSC      STATUS, 2
0x011E	0x0ACF      	INCF       atoi_sign_L0+1, 1
;__Lib_CStdlib.c,196 :: 		
0x011F	0x0AC9      	INCF       FARG_atoi_s, 1
;__Lib_CStdlib.c,197 :: 		
0x0120	0x292A      	GOTO       L_atoi57
L_atoi56:
;__Lib_CStdlib.c,199 :: 		
0x0121	0x3000      	MOVLW      0
0x0122	0x064B      	XORWF      atoi_c_L0+1, 0
0x0123	0x1D03      	BTFSS      STATUS, 2
0x0124	0x2927      	GOTO       L__atoi103
0x0125	0x302B      	MOVLW      43
0x0126	0x064A      	XORWF      atoi_c_L0, 0
L__atoi103:
0x0127	0x1D03      	BTFSS      STATUS, 2
0x0128	0x292A      	GOTO       L_atoi58
;__Lib_CStdlib.c,200 :: 		
0x0129	0x0AC9      	INCF       FARG_atoi_s, 1
L_atoi58:
L_atoi57:
;__Lib_CStdlib.c,201 :: 		
___atoi_conv_atoi:
;__Lib_CStdlib.c,202 :: 		
0x012A	0x0849      	MOVF       FARG_atoi_s, 0
0x012B	0x0084      	MOVWF      FSR
0x012C	0x0800      	MOVF       INDF, 0
0x012D	0x00CA      	MOVWF      atoi_c_L0
0x012E	0x01CB      	CLRF       atoi_c_L0+1
0x012F	0x3000      	MOVLW      0
0x0130	0x00CB      	MOVWF      atoi_c_L0+1
;__Lib_CStdlib.c,203 :: 		
0x0131	0x084A      	MOVF       atoi_c_L0, 0
0x0132	0x00D2      	MOVWF      FARG_isdigit_character
0x0133	0x2020      	CALL       _isdigit
0x0134	0x0870      	MOVF       R0, 0
0x0135	0x1903      	BTFSC      STATUS, 2
0x0136	0x2952      	GOTO       L_atoi59
;__Lib_CStdlib.c,204 :: 		
0x0137	0x084C      	MOVF       atoi_a_L0, 0
0x0138	0x00F0      	MOVWF      R0
0x0139	0x084D      	MOVF       atoi_a_L0+1, 0
0x013A	0x00F1      	MOVWF      R0+1
0x013B	0x300A      	MOVLW      10
0x013C	0x00F4      	MOVWF      R4
0x013D	0x3000      	MOVLW      0
0x013E	0x00F5      	MOVWF      R4+1
0x013F	0x2079      	CALL       _Mul_16X16_U
0x0140	0x3030      	MOVLW      48
0x0141	0x024A      	SUBWF      atoi_c_L0, 0
0x0142	0x00F2      	MOVWF      R2
0x0143	0x3000      	MOVLW      0
0x0144	0x1C03      	BTFSS      STATUS, 0
0x0145	0x3E01      	ADDLW      1
0x0146	0x024B      	SUBWF      atoi_c_L0+1, 0
0x0147	0x00F3      	MOVWF      R2+1
0x0148	0x0872      	MOVF       R2, 0
0x0149	0x0770      	ADDWF      R0, 0
0x014A	0x00CC      	MOVWF      atoi_a_L0
0x014B	0x0871      	MOVF       R0+1, 0
0x014C	0x1803      	BTFSC      STATUS, 0
0x014D	0x3E01      	ADDLW      1
0x014E	0x0773      	ADDWF      R2+1, 0
0x014F	0x00CD      	MOVWF      atoi_a_L0+1
;__Lib_CStdlib.c,205 :: 		
0x0150	0x0AC9      	INCF       FARG_atoi_s, 1
;__Lib_CStdlib.c,206 :: 		
0x0151	0x292A      	GOTO       ___atoi_conv_atoi
;__Lib_CStdlib.c,207 :: 		
L_atoi59:
;__Lib_CStdlib.c,208 :: 		
0x0152	0x084E      	MOVF       atoi_sign_L0, 0
0x0153	0x044F      	IORWF      atoi_sign_L0+1, 0
0x0154	0x1903      	BTFSC      STATUS, 2
0x0155	0x295F      	GOTO       L_atoi60
;__Lib_CStdlib.c,209 :: 		
0x0156	0x084C      	MOVF       atoi_a_L0, 0
0x0157	0x3C00      	SUBLW      0
0x0158	0x00F0      	MOVWF      R0
0x0159	0x084D      	MOVF       atoi_a_L0+1, 0
0x015A	0x1C03      	BTFSS      STATUS, 0
0x015B	0x3E01      	ADDLW      1
0x015C	0x01F1      	CLRF       R0+1
0x015D	0x02F1      	SUBWF      R0+1, 1
0x015E	0x2963      	GOTO       L_end_atoi
L_atoi60:
;__Lib_CStdlib.c,210 :: 		
0x015F	0x084C      	MOVF       atoi_a_L0, 0
0x0160	0x00F0      	MOVWF      R0
0x0161	0x084D      	MOVF       atoi_a_L0+1, 0
0x0162	0x00F1      	MOVWF      R0+1
;__Lib_CStdlib.c,211 :: 		
L_end_atoi:
0x0163	0x0008      	RETURN
; end of _atoi
_VDelay_ms:
;__Lib_Delays.c,82 :: 		void VDelay_ms(unsigned Time_ms){
;__Lib_Delays.c,84 :: 		NumberOfCyc = Clock_kHz()>>2; // this will be done by compiler, no asm will be genereated except that for assignment;
0x0164	0x30A0      	MOVLW      160
0x0165	0x1283      	BCF        STATUS, 5
0x0166	0x1303      	BCF        STATUS, 6
0x0167	0x00CB      	MOVWF      VDelay_ms_NumberOfCyc_L0
0x0168	0x300F      	MOVLW      15
0x0169	0x00CC      	MOVWF      VDelay_ms_NumberOfCyc_L0+1
0x016A	0x01CD      	CLRF       VDelay_ms_NumberOfCyc_L0+2
0x016B	0x01CE      	CLRF       VDelay_ms_NumberOfCyc_L0+3
;__Lib_Delays.c,85 :: 		NumberOfCyc *= Time_ms;
0x016C	0x30A0      	MOVLW      160
0x016D	0x00F0      	MOVWF      R0
0x016E	0x300F      	MOVLW      15
0x016F	0x00F1      	MOVWF      R0+1
0x0170	0x3000      	MOVLW      0
0x0171	0x00F2      	MOVWF      R0+2
0x0172	0x3000      	MOVLW      0
0x0173	0x00F3      	MOVWF      R0+3
0x0174	0x0849      	MOVF       FARG_VDelay_ms_Time_ms, 0
0x0175	0x00F4      	MOVWF      R4
0x0176	0x084A      	MOVF       FARG_VDelay_ms_Time_ms+1, 0
0x0177	0x00F5      	MOVWF      R4+1
0x0178	0x01F6      	CLRF       R4+2
0x0179	0x01F7      	CLRF       R4+3
0x017A	0x20A4      	CALL       _Mul_32x32_U
0x017B	0x0870      	MOVF       R0, 0
0x017C	0x00CB      	MOVWF      VDelay_ms_NumberOfCyc_L0
0x017D	0x0871      	MOVF       R0+1, 0
0x017E	0x00CC      	MOVWF      VDelay_ms_NumberOfCyc_L0+1
0x017F	0x0872      	MOVF       R0+2, 0
0x0180	0x00CD      	MOVWF      VDelay_ms_NumberOfCyc_L0+2
0x0181	0x0873      	MOVF       R0+3, 0
0x0182	0x00CE      	MOVWF      VDelay_ms_NumberOfCyc_L0+3
;__Lib_Delays.c,86 :: 		if (NumberOfCyc < 690)
0x0183	0x3000      	MOVLW      0
0x0184	0x0273      	SUBWF      R0+3, 0
0x0185	0x1D03      	BTFSS      STATUS, 2
0x0186	0x2991      	GOTO       L__VDelay_ms38
0x0187	0x3000      	MOVLW      0
0x0188	0x0272      	SUBWF      R0+2, 0
0x0189	0x1D03      	BTFSS      STATUS, 2
0x018A	0x2991      	GOTO       L__VDelay_ms38
0x018B	0x3002      	MOVLW      2
0x018C	0x0271      	SUBWF      R0+1, 0
0x018D	0x1D03      	BTFSS      STATUS, 2
0x018E	0x2991      	GOTO       L__VDelay_ms38
0x018F	0x30B2      	MOVLW      178
0x0190	0x0270      	SUBWF      R0, 0
L__VDelay_ms38:
0x0191	0x1803      	BTFSC      STATUS, 0
0x0192	0x2994      	GOTO       L_VDelay_ms15
;__Lib_Delays.c,87 :: 		return;
0x0193	0x29D3      	GOTO       L_end_VDelay_ms
L_VDelay_ms15:
;__Lib_Delays.c,88 :: 		NumberOfCyc -= 690;
0x0194	0x30B2      	MOVLW      178
0x0195	0x00F0      	MOVWF      R0
0x0196	0x3002      	MOVLW      2
0x0197	0x00F1      	MOVWF      R0+1
0x0198	0x01F2      	CLRF       R0+2
0x0199	0x01F3      	CLRF       R0+3
0x019A	0x0870      	MOVF       R0, 0
0x019B	0x02CB      	SUBWF      VDelay_ms_NumberOfCyc_L0, 1
0x019C	0x0871      	MOVF       R0+1, 0
0x019D	0x1C03      	BTFSS      STATUS, 0
0x019E	0x0F71      	INCFSZ     R0+1, 0
0x019F	0x02CC      	SUBWF      VDelay_ms_NumberOfCyc_L0+1, 1
0x01A0	0x0872      	MOVF       R0+2, 0
0x01A1	0x1C03      	BTFSS      STATUS, 0
0x01A2	0x0F72      	INCFSZ     R0+2, 0
0x01A3	0x02CD      	SUBWF      VDelay_ms_NumberOfCyc_L0+2, 1
0x01A4	0x0873      	MOVF       R0+3, 0
0x01A5	0x1C03      	BTFSS      STATUS, 0
0x01A6	0x0F73      	INCFSZ     R0+3, 0
0x01A7	0x02CE      	SUBWF      VDelay_ms_NumberOfCyc_L0+3, 1
;__Lib_Delays.c,89 :: 		NumberOfCyc =  NumberOfCyc >> 5; // Dec and While below take around 32 instructions
0x01A8	0x3005      	MOVLW      5
0x01A9	0x00F0      	MOVWF      R0
0x01AA	0x0870      	MOVF       R0, 0
L__VDelay_ms39:
0x01AB	0x1903      	BTFSC      STATUS, 2
0x01AC	0x29B4      	GOTO       L__VDelay_ms40
0x01AD	0x0CCE      	RRF        VDelay_ms_NumberOfCyc_L0+3, 1
0x01AE	0x0CCD      	RRF        VDelay_ms_NumberOfCyc_L0+2, 1
0x01AF	0x0CCC      	RRF        VDelay_ms_NumberOfCyc_L0+1, 1
0x01B0	0x0CCB      	RRF        VDelay_ms_NumberOfCyc_L0, 1
0x01B1	0x13CE      	BCF        VDelay_ms_NumberOfCyc_L0+3, 7
0x01B2	0x3EFF      	ADDLW      255
0x01B3	0x29AB      	GOTO       L__VDelay_ms39
L__VDelay_ms40:
;__Lib_Delays.c,90 :: 		while (NumberOfCyc--)
L_VDelay_ms16:
0x01B4	0x084B      	MOVF       VDelay_ms_NumberOfCyc_L0, 0
0x01B5	0x00F0      	MOVWF      R0
0x01B6	0x084C      	MOVF       VDelay_ms_NumberOfCyc_L0+1, 0
0x01B7	0x00F1      	MOVWF      R0+1
0x01B8	0x084D      	MOVF       VDelay_ms_NumberOfCyc_L0+2, 0
0x01B9	0x00F2      	MOVWF      R0+2
0x01BA	0x084E      	MOVF       VDelay_ms_NumberOfCyc_L0+3, 0
0x01BB	0x00F3      	MOVWF      R0+3
0x01BC	0x3001      	MOVLW      1
0x01BD	0x02CB      	SUBWF      VDelay_ms_NumberOfCyc_L0, 1
0x01BE	0x1C03      	BTFSS      STATUS, 0
0x01BF	0x02CC      	SUBWF      VDelay_ms_NumberOfCyc_L0+1, 1
0x01C0	0x1C03      	BTFSS      STATUS, 0
0x01C1	0x02CD      	SUBWF      VDelay_ms_NumberOfCyc_L0+2, 1
0x01C2	0x1C03      	BTFSS      STATUS, 0
0x01C3	0x02CE      	SUBWF      VDelay_ms_NumberOfCyc_L0+3, 1
0x01C4	0x0870      	MOVF       R0, 0
0x01C5	0x0471      	IORWF      R0+1, 0
0x01C6	0x0472      	IORWF      R0+2, 0
0x01C7	0x0473      	IORWF      R0+3, 0
0x01C8	0x1903      	BTFSC      STATUS, 2
0x01C9	0x29D3      	GOTO       L_VDelay_ms17
;__Lib_Delays.c,92 :: 		asm nop;
0x01CA	0x0000      	NOP
;__Lib_Delays.c,93 :: 		asm nop;
0x01CB	0x0000      	NOP
;__Lib_Delays.c,94 :: 		asm nop;
0x01CC	0x0000      	NOP
;__Lib_Delays.c,95 :: 		asm nop;
0x01CD	0x0000      	NOP
;__Lib_Delays.c,96 :: 		asm nop;
0x01CE	0x0000      	NOP
;__Lib_Delays.c,97 :: 		asm nop;
0x01CF	0x0000      	NOP
;__Lib_Delays.c,98 :: 		asm nop;
0x01D0	0x0000      	NOP
;__Lib_Delays.c,99 :: 		asm nop;
0x01D1	0x0000      	NOP
;__Lib_Delays.c,100 :: 		}
0x01D2	0x29B4      	GOTO       L_VDelay_ms16
L_VDelay_ms17:
;__Lib_Delays.c,101 :: 		}
L_end_VDelay_ms:
0x01D3	0x0008      	RETURN
; end of _VDelay_ms
_UART1_Read_Text:
;__Lib_UART_c67.c,59 :: 		
;__Lib_UART_c67.c,60 :: 		
0x01D4	0x1283      	BCF        STATUS, 5
0x01D5	0x1303      	BCF        STATUS, 6
0x01D6	0x01CD      	CLRF       UART1_Read_Text_out_idx_L0
0x01D7	0x01CE      	CLRF       UART1_Read_Text_delim_idx_L0
;__Lib_UART_c67.c,62 :: 		
L_UART1_Read_Text7:
0x01D8	0x084B      	MOVF       FARG_UART1_Read_Text_Attempts, 0
0x01D9	0x1903      	BTFSC      STATUS, 2
0x01DA	0x2A13      	GOTO       L_UART1_Read_Text8
;__Lib_UART_c67.c,64 :: 		
0x01DB	0x084B      	MOVF       FARG_UART1_Read_Text_Attempts, 0
0x01DC	0x3AFF      	XORLW      255
0x01DD	0x1903      	BTFSC      STATUS, 2
0x01DE	0x29E0      	GOTO       L_UART1_Read_Text9
;__Lib_UART_c67.c,65 :: 		
0x01DF	0x03CB      	DECF       FARG_UART1_Read_Text_Attempts, 1
L_UART1_Read_Text9:
;__Lib_UART_c67.c,67 :: 		
L_UART1_Read_Text10:
0x01E0	0x20ED      	CALL       _UART1_Data_Ready
0x01E1	0x0870      	MOVF       R0, 0
0x01E2	0x3A00      	XORLW      0
0x01E3	0x1D03      	BTFSS      STATUS, 2
0x01E4	0x29E6      	GOTO       L_UART1_Read_Text11
;__Lib_UART_c67.c,68 :: 		
0x01E5	0x29E0      	GOTO       L_UART1_Read_Text10
L_UART1_Read_Text11:
;__Lib_UART_c67.c,70 :: 		
0x01E6	0x20DB      	CALL       _UART1_Read
0x01E7	0x0870      	MOVF       R0, 0
0x01E8	0x00CC      	MOVWF      UART1_Read_Text_r_data_L0
;__Lib_UART_c67.c,71 :: 		
0x01E9	0x084D      	MOVF       UART1_Read_Text_out_idx_L0, 0
0x01EA	0x0749      	ADDWF      FARG_UART1_Read_Text_Output, 0
0x01EB	0x0084      	MOVWF      FSR
0x01EC	0x0870      	MOVF       R0, 0
0x01ED	0x0080      	MOVWF      INDF
0x01EE	0x0ACD      	INCF       UART1_Read_Text_out_idx_L0, 1
;__Lib_UART_c67.c,72 :: 		
0x01EF	0x084E      	MOVF       UART1_Read_Text_delim_idx_L0, 0
0x01F0	0x074A      	ADDWF      FARG_UART1_Read_Text_Delimiter, 0
0x01F1	0x0084      	MOVWF      FSR
0x01F2	0x0800      	MOVF       INDF, 0
0x01F3	0x064C      	XORWF      UART1_Read_Text_r_data_L0, 0
0x01F4	0x1D03      	BTFSS      STATUS, 2
0x01F5	0x29F8      	GOTO       L_UART1_Read_Text12
;__Lib_UART_c67.c,73 :: 		
0x01F6	0x0ACE      	INCF       UART1_Read_Text_delim_idx_L0, 1
;__Lib_UART_c67.c,74 :: 		
0x01F7	0x2A00      	GOTO       L_UART1_Read_Text13
L_UART1_Read_Text12:
;__Lib_UART_c67.c,76 :: 		
0x01F8	0x01CE      	CLRF       UART1_Read_Text_delim_idx_L0
;__Lib_UART_c67.c,77 :: 		
0x01F9	0x084A      	MOVF       FARG_UART1_Read_Text_Delimiter, 0
0x01FA	0x0084      	MOVWF      FSR
0x01FB	0x0800      	MOVF       INDF, 0
0x01FC	0x064C      	XORWF      UART1_Read_Text_r_data_L0, 0
0x01FD	0x1D03      	BTFSS      STATUS, 2
0x01FE	0x2A00      	GOTO       L_UART1_Read_Text14
;__Lib_UART_c67.c,78 :: 		
0x01FF	0x0ACE      	INCF       UART1_Read_Text_delim_idx_L0, 1
;__Lib_UART_c67.c,79 :: 		
L_UART1_Read_Text14:
;__Lib_UART_c67.c,80 :: 		
L_UART1_Read_Text13:
;__Lib_UART_c67.c,82 :: 		
0x0200	0x084E      	MOVF       UART1_Read_Text_delim_idx_L0, 0
0x0201	0x074A      	ADDWF      FARG_UART1_Read_Text_Delimiter, 0
0x0202	0x0084      	MOVWF      FSR
0x0203	0x0800      	MOVF       INDF, 0
0x0204	0x3A00      	XORLW      0
0x0205	0x1D03      	BTFSS      STATUS, 2
0x0206	0x2A12      	GOTO       L_UART1_Read_Text15
;__Lib_UART_c67.c,83 :: 		
0x0207	0x084E      	MOVF       UART1_Read_Text_delim_idx_L0, 0
0x0208	0x024D      	SUBWF      UART1_Read_Text_out_idx_L0, 0
0x0209	0x00F0      	MOVWF      R0
0x020A	0x01F1      	CLRF       R0+1
0x020B	0x1C03      	BTFSS      STATUS, 0
0x020C	0x03F1      	DECF       R0+1, 1
0x020D	0x0870      	MOVF       R0, 0
0x020E	0x0749      	ADDWF      FARG_UART1_Read_Text_Output, 0
0x020F	0x0084      	MOVWF      FSR
0x0210	0x0180      	CLRF       INDF
;__Lib_UART_c67.c,84 :: 		
0x0211	0x2A16      	GOTO       L_end_UART1_Read_Text
;__Lib_UART_c67.c,85 :: 		
L_UART1_Read_Text15:
;__Lib_UART_c67.c,87 :: 		
0x0212	0x29D8      	GOTO       L_UART1_Read_Text7
L_UART1_Read_Text8:
;__Lib_UART_c67.c,88 :: 		
0x0213	0x0849      	MOVF       FARG_UART1_Read_Text_Output, 0
0x0214	0x0084      	MOVWF      FSR
0x0215	0x0180      	CLRF       INDF
;__Lib_UART_c67.c,89 :: 		
L_end_UART1_Read_Text:
0x0216	0x0008      	RETURN
; end of _UART1_Read_Text
_IntToStr:
;__Lib_Conversions.c,195 :: 		
;__Lib_Conversions.c,201 :: 		
0x0217	0x1283      	BCF        STATUS, 5
0x0218	0x1303      	BCF        STATUS, 6
0x0219	0x01CE      	CLRF       IntToStr_negative_L0
0x021A	0x01CF      	CLRF       IntToStr_negative_L0+1
;__Lib_Conversions.c,202 :: 		
0x021B	0x0849      	MOVF       FARG_IntToStr_input, 0
0x021C	0x00D0      	MOVWF      IntToStr_inword_L0
0x021D	0x084A      	MOVF       FARG_IntToStr_input+1, 0
0x021E	0x00D1      	MOVWF      IntToStr_inword_L0+1
;__Lib_Conversions.c,203 :: 		
0x021F	0x3080      	MOVLW      128
0x0220	0x064A      	XORWF      FARG_IntToStr_input+1, 0
0x0221	0x00F0      	MOVWF      R0
0x0222	0x3080      	MOVLW      128
0x0223	0x0270      	SUBWF      R0, 0
0x0224	0x1D03      	BTFSS      STATUS, 2
0x0225	0x2A28      	GOTO       L__IntToStr387
0x0226	0x3000      	MOVLW      0
0x0227	0x0249      	SUBWF      FARG_IntToStr_input, 0
L__IntToStr387:
0x0228	0x1803      	BTFSC      STATUS, 0
0x0229	0x2A36      	GOTO       L_IntToStr37
;__Lib_Conversions.c,204 :: 		
0x022A	0x3001      	MOVLW      1
0x022B	0x00CE      	MOVWF      IntToStr_negative_L0
0x022C	0x3000      	MOVLW      0
0x022D	0x00CF      	MOVWF      IntToStr_negative_L0+1
;__Lib_Conversions.c,205 :: 		
0x022E	0x0849      	MOVF       FARG_IntToStr_input, 0
0x022F	0x3C00      	SUBLW      0
0x0230	0x00D0      	MOVWF      IntToStr_inword_L0
0x0231	0x084A      	MOVF       FARG_IntToStr_input+1, 0
0x0232	0x1C03      	BTFSS      STATUS, 0
0x0233	0x3E01      	ADDLW      1
0x0234	0x01D1      	CLRF       IntToStr_inword_L0+1
0x0235	0x02D1      	SUBWF      IntToStr_inword_L0+1, 1
;__Lib_Conversions.c,206 :: 		
L_IntToStr37:
;__Lib_Conversions.c,207 :: 		
0x0236	0x0850      	MOVF       IntToStr_inword_L0, 0
0x0237	0x00D2      	MOVWF      FARG_WordToStr_input
0x0238	0x0851      	MOVF       IntToStr_inword_L0+1, 0
0x0239	0x00D3      	MOVWF      FARG_WordToStr_input+1
0x023A	0x084B      	MOVF       FARG_IntToStr_output, 0
0x023B	0x00D4      	MOVWF      FARG_WordToStr_output
0x023C	0x2039      	CALL       _WordToStr
;__Lib_Conversions.c,209 :: 		
0x023D	0x3006      	MOVLW      6
0x023E	0x00CC      	MOVWF      IntToStr_i_L0
0x023F	0x3000      	MOVLW      0
0x0240	0x00CD      	MOVWF      IntToStr_i_L0+1
;__Lib_Conversions.c,210 :: 		
L_IntToStr38:
0x0241	0x084D      	MOVF       IntToStr_i_L0+1, 0
0x0242	0x3C00      	SUBLW      0
0x0243	0x1D03      	BTFSS      STATUS, 2
0x0244	0x2A47      	GOTO       L__IntToStr388
0x0245	0x084C      	MOVF       IntToStr_i_L0, 0
0x0246	0x3C00      	SUBLW      0
L__IntToStr388:
0x0247	0x1803      	BTFSC      STATUS, 0
0x0248	0x2A62      	GOTO       L_IntToStr39
;__Lib_Conversions.c,211 :: 		
0x0249	0x084C      	MOVF       IntToStr_i_L0, 0
0x024A	0x074B      	ADDWF      FARG_IntToStr_output, 0
0x024B	0x00F2      	MOVWF      R2
0x024C	0x3001      	MOVLW      1
0x024D	0x024C      	SUBWF      IntToStr_i_L0, 0
0x024E	0x00F0      	MOVWF      R0
0x024F	0x3000      	MOVLW      0
0x0250	0x1C03      	BTFSS      STATUS, 0
0x0251	0x3E01      	ADDLW      1
0x0252	0x024D      	SUBWF      IntToStr_i_L0+1, 0
0x0253	0x00F1      	MOVWF      R0+1
0x0254	0x0870      	MOVF       R0, 0
0x0255	0x074B      	ADDWF      FARG_IntToStr_output, 0
0x0256	0x0084      	MOVWF      FSR
0x0257	0x0800      	MOVF       INDF, 0
0x0258	0x00F0      	MOVWF      R0
0x0259	0x0872      	MOVF       R2, 0
0x025A	0x0084      	MOVWF      FSR
0x025B	0x0870      	MOVF       R0, 0
0x025C	0x0080      	MOVWF      INDF
;__Lib_Conversions.c,212 :: 		
0x025D	0x3001      	MOVLW      1
0x025E	0x02CC      	SUBWF      IntToStr_i_L0, 1
0x025F	0x1C03      	BTFSS      STATUS, 0
0x0260	0x03CD      	DECF       IntToStr_i_L0+1, 1
;__Lib_Conversions.c,213 :: 		
0x0261	0x2A41      	GOTO       L_IntToStr38
L_IntToStr39:
;__Lib_Conversions.c,214 :: 		
0x0262	0x084B      	MOVF       FARG_IntToStr_output, 0
0x0263	0x0084      	MOVWF      FSR
0x0264	0x3020      	MOVLW      32
0x0265	0x0080      	MOVWF      INDF
;__Lib_Conversions.c,215 :: 		
0x0266	0x084E      	MOVF       IntToStr_negative_L0, 0
0x0267	0x044F      	IORWF      IntToStr_negative_L0+1, 0
0x0268	0x1903      	BTFSC      STATUS, 2
0x0269	0x2A80      	GOTO       L_IntToStr40
;__Lib_Conversions.c,216 :: 		
0x026A	0x01CC      	CLRF       IntToStr_i_L0
0x026B	0x01CD      	CLRF       IntToStr_i_L0+1
;__Lib_Conversions.c,217 :: 		
L_IntToStr41:
0x026C	0x084C      	MOVF       IntToStr_i_L0, 0
0x026D	0x074B      	ADDWF      FARG_IntToStr_output, 0
0x026E	0x0084      	MOVWF      FSR
0x026F	0x0800      	MOVF       INDF, 0
0x0270	0x3A20      	XORLW      32
0x0271	0x1D03      	BTFSS      STATUS, 2
0x0272	0x2A77      	GOTO       L_IntToStr42
0x0273	0x0ACC      	INCF       IntToStr_i_L0, 1
0x0274	0x1903      	BTFSC      STATUS, 2
0x0275	0x0ACD      	INCF       IntToStr_i_L0+1, 1
0x0276	0x2A6C      	GOTO       L_IntToStr41
L_IntToStr42:
;__Lib_Conversions.c,218 :: 		
0x0277	0x3001      	MOVLW      1
0x0278	0x02CC      	SUBWF      IntToStr_i_L0, 1
0x0279	0x1C03      	BTFSS      STATUS, 0
0x027A	0x03CD      	DECF       IntToStr_i_L0+1, 1
;__Lib_Conversions.c,219 :: 		
0x027B	0x084C      	MOVF       IntToStr_i_L0, 0
0x027C	0x074B      	ADDWF      FARG_IntToStr_output, 0
0x027D	0x0084      	MOVWF      FSR
0x027E	0x302D      	MOVLW      45
0x027F	0x0080      	MOVWF      INDF
L_IntToStr40:
;__Lib_Conversions.c,220 :: 		
L_end_IntToStr:
0x0280	0x0008      	RETURN
; end of _IntToStr
_UART1_Init:
;__Lib_UART_c67.c,2 :: 		
;__Lib_UART_c67.c,5 :: 		
0x0281	0x1683      	BSF        STATUS, 5
0x0282	0x1303      	BCF        STATUS, 6
0x0283	0x1698      	BSF        TXSTA, 5
;__Lib_UART_c67.c,6 :: 		
0x0284	0x3090      	MOVLW      144
0x0285	0x1283      	BCF        STATUS, 5
0x0286	0x0098      	MOVWF      RCSTA
;__Lib_UART_c67.c,7 :: 		
0x0287	0x1683      	BSF        STATUS, 5
0x0288	0x1787      	BSF        TRISC7_bit, BitPos(TRISC7_bit+0)
;__Lib_UART_c67.c,8 :: 		
0x0289	0x1307      	BCF        TRISC6_bit, BitPos(TRISC6_bit+0)
;__Lib_UART_c67.c,10 :: 		
L_UART1_Init0:
0x028A	0x1283      	BCF        STATUS, 5
0x028B	0x1E8C      	BTFSS      PIR1, 5
0x028C	0x2A90      	GOTO       L_UART1_Init1
;__Lib_UART_c67.c,11 :: 		
0x028D	0x081A      	MOVF       RCREG, 0
0x028E	0x00F0      	MOVWF      R0
0x028F	0x2A8A      	GOTO       L_UART1_Init0
L_UART1_Init1:
;__Lib_UART_c67.c,12 :: 		
L_end_UART1_Init:
0x0290	0x0008      	RETURN
; end of _UART1_Init
_codetxt_to_ramtxt:
;TRIGS.c,24 :: 		char* codetxt_to_ramtxt(const char* ctxt){
;TRIGS.c,27 :: 		for(i =0; txt[i] = ctxt[i]; i++);
0x0291	0x1283      	BCF        STATUS, 5
0x0292	0x1303      	BCF        STATUS, 6
0x0293	0x01F3      	CLRF       R3
L_codetxt_to_ramtxt0:
0x0294	0x0873      	MOVF       R3, 0
0x0295	0x3E24      	ADDLW      codetxt_to_ramtxt_txt_L0
0x0296	0x00F2      	MOVWF      R2
0x0297	0x0873      	MOVF       R3, 0
0x0298	0x0749      	ADDWF      FARG_codetxt_to_ramtxt_ctxt, 0
0x0299	0x00F0      	MOVWF      R0
0x029A	0x084A      	MOVF       FARG_codetxt_to_ramtxt_ctxt+1, 0
0x029B	0x1803      	BTFSC      STATUS, 0
0x029C	0x3E01      	ADDLW      1
0x029D	0x00F1      	MOVWF      R0+1
0x029E	0x0870      	MOVF       R0, 0
0x029F	0x00B8      	MOVWF      ___DoICPAddr
0x02A0	0x0871      	MOVF       R0+1, 0
0x02A1	0x00B9      	MOVWF      ___DoICPAddr+1
0x02A2	0x20E6      	CALL       _____DoICP
0x02A3	0x118A      	BCF        PCLATH, 3
0x02A4	0x120A      	BCF        PCLATH, 4
0x02A5	0x00F0      	MOVWF      R0
0x02A6	0x0872      	MOVF       R2, 0
0x02A7	0x0084      	MOVWF      FSR
0x02A8	0x0870      	MOVF       R0, 0
0x02A9	0x0080      	MOVWF      INDF
0x02AA	0x0872      	MOVF       R2, 0
0x02AB	0x0084      	MOVWF      FSR
0x02AC	0x0800      	MOVF       INDF, 0
0x02AD	0x1903      	BTFSC      STATUS, 2
0x02AE	0x2AB1      	GOTO       L_codetxt_to_ramtxt1
0x02AF	0x0AF3      	INCF       R3, 1
0x02B0	0x2A94      	GOTO       L_codetxt_to_ramtxt0
L_codetxt_to_ramtxt1:
;TRIGS.c,28 :: 		return txt;
0x02B1	0x3024      	MOVLW      codetxt_to_ramtxt_txt_L0
0x02B2	0x00F0      	MOVWF      R0
;TRIGS.c,29 :: 		}
L_end_codetxt_to_ramtxt:
0x02B3	0x0008      	RETURN
; end of _codetxt_to_ramtxt
_UART1_Write_Text:
;__Lib_UART_c67.c,47 :: 		
;__Lib_UART_c67.c,48 :: 		
0x02B4	0x1283      	BCF        STATUS, 5
0x02B5	0x1303      	BCF        STATUS, 6
0x02B6	0x01CB      	CLRF       UART1_Write_Text_counter_L0
;__Lib_UART_c67.c,50 :: 		
0x02B7	0x0849      	MOVF       FARG_UART1_Write_Text_uart_text, 0
0x02B8	0x0084      	MOVWF      FSR
0x02B9	0x0800      	MOVF       INDF, 0
0x02BA	0x00CA      	MOVWF      UART1_Write_Text_data__L0
;__Lib_UART_c67.c,51 :: 		
L_UART1_Write_Text5:
0x02BB	0x084A      	MOVF       UART1_Write_Text_data__L0, 0
0x02BC	0x3A00      	XORLW      0
0x02BD	0x1903      	BTFSC      STATUS, 2
0x02BE	0x2AC9      	GOTO       L_UART1_Write_Text6
;__Lib_UART_c67.c,52 :: 		
0x02BF	0x084A      	MOVF       UART1_Write_Text_data__L0, 0
0x02C0	0x00D2      	MOVWF      FARG_UART1_Write_data_
0x02C1	0x202F      	CALL       _UART1_Write
;__Lib_UART_c67.c,53 :: 		
0x02C2	0x0ACB      	INCF       UART1_Write_Text_counter_L0, 1
;__Lib_UART_c67.c,54 :: 		
0x02C3	0x084B      	MOVF       UART1_Write_Text_counter_L0, 0
0x02C4	0x0749      	ADDWF      FARG_UART1_Write_Text_uart_text, 0
0x02C5	0x0084      	MOVWF      FSR
0x02C6	0x0800      	MOVF       INDF, 0
0x02C7	0x00CA      	MOVWF      UART1_Write_Text_data__L0
;__Lib_UART_c67.c,55 :: 		
0x02C8	0x2ABB      	GOTO       L_UART1_Write_Text5
L_UART1_Write_Text6:
;__Lib_UART_c67.c,56 :: 		
L_end_UART1_Write_Text:
0x02C9	0x0008      	RETURN
; end of _UART1_Write_Text
___CC2DW:
;__Lib_System.c,134 :: 		
;__Lib_System.c,137 :: 		
_CC2D_Loop1:
;__Lib_System.c,139 :: 		
0x02CA	0x20E6      	CALL       _____DoICP
0x02CB	0x118A      	BCF        PCLATH, 3
0x02CC	0x120A      	BCF        PCLATH, 4
;__Lib_System.c,141 :: 		
0x02CD	0x0080      	MOVWF      INDF
;__Lib_System.c,142 :: 		
0x02CE	0x0A84      	INCF       FSR, 1
;__Lib_System.c,143 :: 		
0x02CF	0x0AB8      	INCF       ___DoICPAddr, 1
;__Lib_System.c,145 :: 		
0x02D0	0x1903      	BTFSC      STATUS, 2
;__Lib_System.c,146 :: 		
0x02D1	0x0AB9      	INCF       ___DoICPAddr+1, 1
;__Lib_System.c,147 :: 		
0x02D2	0x03F0      	DECF       R0, 1
;__Lib_System.c,149 :: 		
0x02D3	0x1D03      	BTFSS      STATUS, 2
;__Lib_System.c,150 :: 		
0x02D4	0x2ACA      	GOTO       _CC2D_Loop1
;__Lib_System.c,152 :: 		
L_end___CC2DW:
0x02D5	0x0008      	RETURN
; end of ___CC2DW
_main:
0x02D6	0x3064      	MOVLW      100
0x02D7	0x1283      	BCF        STATUS, 5
0x02D8	0x1303      	BCF        STATUS, 6
0x02D9	0x00A0      	MOVWF      _wd
0x02DA	0x01A1      	CLRF       33
0x02DB	0x303F      	MOVLW      63
0x02DC	0x00A2      	MOVWF      ?lstr1_TRIGS
0x02DD	0x01A3      	CLRF       35
;TRIGS.c,31 :: 		void main() {
;TRIGS.c,33 :: 		portc = 0;
0x02DE	0x0187      	CLRF       PORTC
;TRIGS.c,34 :: 		portd = 0;
0x02DF	0x0188      	CLRF       PORTD
;TRIGS.c,35 :: 		porta = 0;
0x02E0	0x0185      	CLRF       PORTA
;TRIGS.c,36 :: 		portb = 0;
0x02E1	0x0186      	CLRF       PORTB
;TRIGS.c,38 :: 		TRISA=0;
0x02E2	0x1683      	BSF        STATUS, 5
0x02E3	0x0185      	CLRF       TRISA
;TRIGS.c,39 :: 		TRISB=1;
0x02E4	0x3001      	MOVLW      1
0x02E5	0x0086      	MOVWF      TRISB
;TRIGS.c,40 :: 		TRISC=0;
0x02E6	0x0187      	CLRF       TRISC
;TRIGS.c,41 :: 		TRISD=0;
0x02E7	0x0188      	CLRF       TRISD
;TRIGS.c,44 :: 		UART1_Init(9600);
0x02E8	0x3067      	MOVLW      103
0x02E9	0x0099      	MOVWF      SPBRG
0x02EA	0x1518      	BSF        TXSTA, 2
0x02EB	0x2281      	CALL       _UART1_Init
;TRIGS.c,45 :: 		delay_ms(100);
0x02EC	0x3003      	MOVLW      3
0x02ED	0x00FB      	MOVWF      R11
0x02EE	0x3008      	MOVLW      8
0x02EF	0x00FC      	MOVWF      R12
0x02F0	0x3077      	MOVLW      119
0x02F1	0x00FD      	MOVWF      R13
L_main3:
0x02F2	0x0BFD      	DECFSZ     R13, 1
0x02F3	0x2AF2      	GOTO       L_main3
0x02F4	0x0BFC      	DECFSZ     R12, 1
0x02F5	0x2AF2      	GOTO       L_main3
0x02F6	0x0BFB      	DECFSZ     R11, 1
0x02F7	0x2AF2      	GOTO       L_main3
;TRIGS.c,46 :: 		UART1_Write_Text(codetxt_to_ramtxt(Const_Text9));
0x02F8	0x3017      	MOVLW      _Const_Text9
0x02F9	0x00C9      	MOVWF      FARG_codetxt_to_ramtxt_ctxt
0x02FA	0x3005      	MOVLW      hi_addr(_Const_Text9)
0x02FB	0x00CA      	MOVWF      FARG_codetxt_to_ramtxt_ctxt+1
0x02FC	0x2291      	CALL       _codetxt_to_ramtxt
0x02FD	0x0870      	MOVF       R0, 0
0x02FE	0x00C9      	MOVWF      FARG_UART1_Write_Text_uart_text
0x02FF	0x22B4      	CALL       _UART1_Write_Text
;TRIGS.c,47 :: 		UART1_Write(10);
0x0300	0x300A      	MOVLW      10
0x0301	0x00D2      	MOVWF      FARG_UART1_Write_data_
0x0302	0x202F      	CALL       _UART1_Write
;TRIGS.c,48 :: 		UART1_Write(13);
0x0303	0x300D      	MOVLW      13
0x0304	0x00D2      	MOVWF      FARG_UART1_Write_data_
0x0305	0x202F      	CALL       _UART1_Write
;TRIGS.c,50 :: 		PORTD.RD2=1;
0x0306	0x1508      	BSF        PORTD, 2
;TRIGS.c,51 :: 		delay_ms(50);
0x0307	0x3002      	MOVLW      2
0x0308	0x00FB      	MOVWF      R11
0x0309	0x3004      	MOVLW      4
0x030A	0x00FC      	MOVWF      R12
0x030B	0x30BA      	MOVLW      186
0x030C	0x00FD      	MOVWF      R13
L_main4:
0x030D	0x0BFD      	DECFSZ     R13, 1
0x030E	0x2B0D      	GOTO       L_main4
0x030F	0x0BFC      	DECFSZ     R12, 1
0x0310	0x2B0D      	GOTO       L_main4
0x0311	0x0BFB      	DECFSZ     R11, 1
0x0312	0x2B0D      	GOTO       L_main4
0x0313	0x0000      	NOP
;TRIGS.c,52 :: 		PORTD.RD2=0;
0x0314	0x1108      	BCF        PORTD, 2
;TRIGS.c,53 :: 		delay_ms(100);
0x0315	0x3003      	MOVLW      3
0x0316	0x00FB      	MOVWF      R11
0x0317	0x3008      	MOVLW      8
0x0318	0x00FC      	MOVWF      R12
0x0319	0x3077      	MOVLW      119
0x031A	0x00FD      	MOVWF      R13
L_main5:
0x031B	0x0BFD      	DECFSZ     R13, 1
0x031C	0x2B1B      	GOTO       L_main5
0x031D	0x0BFC      	DECFSZ     R12, 1
0x031E	0x2B1B      	GOTO       L_main5
0x031F	0x0BFB      	DECFSZ     R11, 1
0x0320	0x2B1B      	GOTO       L_main5
;TRIGS.c,54 :: 		PORTD.RD2=1;
0x0321	0x1508      	BSF        PORTD, 2
;TRIGS.c,55 :: 		delay_ms(100);
0x0322	0x3003      	MOVLW      3
0x0323	0x00FB      	MOVWF      R11
0x0324	0x3008      	MOVLW      8
0x0325	0x00FC      	MOVWF      R12
0x0326	0x3077      	MOVLW      119
0x0327	0x00FD      	MOVWF      R13
L_main6:
0x0328	0x0BFD      	DECFSZ     R13, 1
0x0329	0x2B28      	GOTO       L_main6
0x032A	0x0BFC      	DECFSZ     R12, 1
0x032B	0x2B28      	GOTO       L_main6
0x032C	0x0BFB      	DECFSZ     R11, 1
0x032D	0x2B28      	GOTO       L_main6
;TRIGS.c,56 :: 		PORTD.RD2=0;
0x032E	0x1108      	BCF        PORTD, 2
;TRIGS.c,57 :: 		delay_ms(150);
0x032F	0x3004      	MOVLW      4
0x0330	0x00FB      	MOVWF      R11
0x0331	0x300C      	MOVLW      12
0x0332	0x00FC      	MOVWF      R12
0x0333	0x3033      	MOVLW      51
0x0334	0x00FD      	MOVWF      R13
L_main7:
0x0335	0x0BFD      	DECFSZ     R13, 1
0x0336	0x2B35      	GOTO       L_main7
0x0337	0x0BFC      	DECFSZ     R12, 1
0x0338	0x2B35      	GOTO       L_main7
0x0339	0x0BFB      	DECFSZ     R11, 1
0x033A	0x2B35      	GOTO       L_main7
0x033B	0x0000      	NOP
0x033C	0x0000      	NOP
;TRIGS.c,58 :: 		PORTD.RD2=1;
0x033D	0x1508      	BSF        PORTD, 2
;TRIGS.c,59 :: 		delay_ms(150);
0x033E	0x3004      	MOVLW      4
0x033F	0x00FB      	MOVWF      R11
0x0340	0x300C      	MOVLW      12
0x0341	0x00FC      	MOVWF      R12
0x0342	0x3033      	MOVLW      51
0x0343	0x00FD      	MOVWF      R13
L_main8:
0x0344	0x0BFD      	DECFSZ     R13, 1
0x0345	0x2B44      	GOTO       L_main8
0x0346	0x0BFC      	DECFSZ     R12, 1
0x0347	0x2B44      	GOTO       L_main8
0x0348	0x0BFB      	DECFSZ     R11, 1
0x0349	0x2B44      	GOTO       L_main8
0x034A	0x0000      	NOP
0x034B	0x0000      	NOP
;TRIGS.c,60 :: 		PORTD.RD2=0;
0x034C	0x1108      	BCF        PORTD, 2
;TRIGS.c,62 :: 		while(1){
L_main9:
;TRIGS.c,64 :: 		if (UART1_Data_Ready() == 1) {
0x034D	0x20ED      	CALL       _UART1_Data_Ready
0x034E	0x0870      	MOVF       R0, 0
0x034F	0x3A01      	XORLW      1
0x0350	0x1D03      	BTFSS      STATUS, 2
0x0351	0x2CF7      	GOTO       L_main11
;TRIGS.c,65 :: 		UART1_Read_Text(t,"?",255);
0x0352	0x303F      	MOVLW      _t
0x0353	0x00C9      	MOVWF      FARG_UART1_Read_Text_Output
0x0354	0x3022      	MOVLW      ?lstr1_TRIGS
0x0355	0x00CA      	MOVWF      FARG_UART1_Read_Text_Delimiter
0x0356	0x30FF      	MOVLW      255
0x0357	0x00CB      	MOVWF      FARG_UART1_Read_Text_Attempts
0x0358	0x21D4      	CALL       _UART1_Read_Text
;TRIGS.c,67 :: 		if((t[2] == 'S')&(t[3] == 'S')&(t[4] == 'M')&(t[5] == 'T')&(t[6] == 'R')&(t[7] == 'G')&(t[8] == 'C')){
0x0359	0x0841      	MOVF       _t+2, 0
0x035A	0x3A53      	XORLW      83
0x035B	0x3001      	MOVLW      1
0x035C	0x1D03      	BTFSS      STATUS, 2
0x035D	0x3000      	MOVLW      0
0x035E	0x00F1      	MOVWF      R1
0x035F	0x0842      	MOVF       _t+3, 0
0x0360	0x3A53      	XORLW      83
0x0361	0x3001      	MOVLW      1
0x0362	0x1D03      	BTFSS      STATUS, 2
0x0363	0x3000      	MOVLW      0
0x0364	0x00F0      	MOVWF      R0
0x0365	0x0870      	MOVF       R0, 0
0x0366	0x05F1      	ANDWF      R1, 1
0x0367	0x0843      	MOVF       _t+4, 0
0x0368	0x3A4D      	XORLW      77
0x0369	0x3001      	MOVLW      1
0x036A	0x1D03      	BTFSS      STATUS, 2
0x036B	0x3000      	MOVLW      0
0x036C	0x00F0      	MOVWF      R0
0x036D	0x0870      	MOVF       R0, 0
0x036E	0x05F1      	ANDWF      R1, 1
0x036F	0x0844      	MOVF       _t+5, 0
0x0370	0x3A54      	XORLW      84
0x0371	0x3001      	MOVLW      1
0x0372	0x1D03      	BTFSS      STATUS, 2
0x0373	0x3000      	MOVLW      0
0x0374	0x00F0      	MOVWF      R0
0x0375	0x0870      	MOVF       R0, 0
0x0376	0x05F1      	ANDWF      R1, 1
0x0377	0x0845      	MOVF       _t+6, 0
0x0378	0x3A52      	XORLW      82
0x0379	0x3001      	MOVLW      1
0x037A	0x1D03      	BTFSS      STATUS, 2
0x037B	0x3000      	MOVLW      0
0x037C	0x00F0      	MOVWF      R0
0x037D	0x0870      	MOVF       R0, 0
0x037E	0x05F1      	ANDWF      R1, 1
0x037F	0x0846      	MOVF       _t+7, 0
0x0380	0x3A47      	XORLW      71
0x0381	0x3001      	MOVLW      1
0x0382	0x1D03      	BTFSS      STATUS, 2
0x0383	0x3000      	MOVLW      0
0x0384	0x00F0      	MOVWF      R0
0x0385	0x0870      	MOVF       R0, 0
0x0386	0x05F1      	ANDWF      R1, 1
0x0387	0x0847      	MOVF       _t+8, 0
0x0388	0x3A43      	XORLW      67
0x0389	0x3001      	MOVLW      1
0x038A	0x1D03      	BTFSS      STATUS, 2
0x038B	0x3000      	MOVLW      0
0x038C	0x00F0      	MOVWF      R0
0x038D	0x0871      	MOVF       R1, 0
0x038E	0x05F0      	ANDWF      R0, 1
0x038F	0x1903      	BTFSC      STATUS, 2
0x0390	0x2C59      	GOTO       L_main12
;TRIGS.c,69 :: 		if(t[9] == '0'){
0x0391	0x0848      	MOVF       _t+9, 0
0x0392	0x3A30      	XORLW      48
0x0393	0x1D03      	BTFSS      STATUS, 2
0x0394	0x2BAA      	GOTO       L_main13
;TRIGS.c,70 :: 		portd.rd0 = 1;
0x0395	0x1408      	BSF        PORTD, 0
;TRIGS.c,71 :: 		Vdelay_ms(wd);
0x0396	0x0820      	MOVF       _wd, 0
0x0397	0x00C9      	MOVWF      FARG_VDelay_ms_Time_ms
0x0398	0x0821      	MOVF       _wd+1, 0
0x0399	0x00CA      	MOVWF      FARG_VDelay_ms_Time_ms+1
0x039A	0x2164      	CALL       _VDelay_ms
;TRIGS.c,72 :: 		portd.rd0 = 0;
0x039B	0x1008      	BCF        PORTD, 0
;TRIGS.c,73 :: 		UART1_Write_Text(codetxt_to_ramtxt(Const_Text1));
0x039C	0x304A      	MOVLW      _Const_Text1
0x039D	0x00C9      	MOVWF      FARG_codetxt_to_ramtxt_ctxt
0x039E	0x3005      	MOVLW      hi_addr(_Const_Text1)
0x039F	0x00CA      	MOVWF      FARG_codetxt_to_ramtxt_ctxt+1
0x03A0	0x2291      	CALL       _codetxt_to_ramtxt
0x03A1	0x0870      	MOVF       R0, 0
0x03A2	0x00C9      	MOVWF      FARG_UART1_Write_Text_uart_text
0x03A3	0x22B4      	CALL       _UART1_Write_Text
;TRIGS.c,74 :: 		UART1_Write(10);
0x03A4	0x300A      	MOVLW      10
0x03A5	0x00D2      	MOVWF      FARG_UART1_Write_data_
0x03A6	0x202F      	CALL       _UART1_Write
;TRIGS.c,75 :: 		UART1_Write(13);
0x03A7	0x300D      	MOVLW      13
0x03A8	0x00D2      	MOVWF      FARG_UART1_Write_data_
0x03A9	0x202F      	CALL       _UART1_Write
;TRIGS.c,84 :: 		}
L_main13:
;TRIGS.c,85 :: 		if(t[9] == '1'){
0x03AA	0x0848      	MOVF       _t+9, 0
0x03AB	0x3A31      	XORLW      49
0x03AC	0x1D03      	BTFSS      STATUS, 2
0x03AD	0x2BC3      	GOTO       L_main14
;TRIGS.c,86 :: 		portd.rd1 = 1;
0x03AE	0x1488      	BSF        PORTD, 1
;TRIGS.c,87 :: 		Vdelay_ms(wd);
0x03AF	0x0820      	MOVF       _wd, 0
0x03B0	0x00C9      	MOVWF      FARG_VDelay_ms_Time_ms
0x03B1	0x0821      	MOVF       _wd+1, 0
0x03B2	0x00CA      	MOVWF      FARG_VDelay_ms_Time_ms+1
0x03B3	0x2164      	CALL       _VDelay_ms
;TRIGS.c,88 :: 		portd.rd1 = 0;
0x03B4	0x1088      	BCF        PORTD, 1
;TRIGS.c,89 :: 		UART1_Write_Text(codetxt_to_ramtxt(Const_Text2));
0x03B5	0x3040      	MOVLW      _Const_Text2
0x03B6	0x00C9      	MOVWF      FARG_codetxt_to_ramtxt_ctxt
0x03B7	0x3005      	MOVLW      hi_addr(_Const_Text2)
0x03B8	0x00CA      	MOVWF      FARG_codetxt_to_ramtxt_ctxt+1
0x03B9	0x2291      	CALL       _codetxt_to_ramtxt
0x03BA	0x0870      	MOVF       R0, 0
0x03BB	0x00C9      	MOVWF      FARG_UART1_Write_Text_uart_text
0x03BC	0x22B4      	CALL       _UART1_Write_Text
;TRIGS.c,90 :: 		UART1_Write(10);
0x03BD	0x300A      	MOVLW      10
0x03BE	0x00D2      	MOVWF      FARG_UART1_Write_data_
0x03BF	0x202F      	CALL       _UART1_Write
;TRIGS.c,91 :: 		UART1_Write(13);
0x03C0	0x300D      	MOVLW      13
0x03C1	0x00D2      	MOVWF      FARG_UART1_Write_data_
0x03C2	0x202F      	CALL       _UART1_Write
;TRIGS.c,100 :: 		}
L_main14:
;TRIGS.c,101 :: 		if(t[9] == '2'){
0x03C3	0x0848      	MOVF       _t+9, 0
0x03C4	0x3A32      	XORLW      50
0x03C5	0x1D03      	BTFSS      STATUS, 2
0x03C6	0x2BDC      	GOTO       L_main15
;TRIGS.c,102 :: 		portd.rd2 = 1;
0x03C7	0x1508      	BSF        PORTD, 2
;TRIGS.c,103 :: 		Vdelay_ms(wd);
0x03C8	0x0820      	MOVF       _wd, 0
0x03C9	0x00C9      	MOVWF      FARG_VDelay_ms_Time_ms
0x03CA	0x0821      	MOVF       _wd+1, 0
0x03CB	0x00CA      	MOVWF      FARG_VDelay_ms_Time_ms+1
0x03CC	0x2164      	CALL       _VDelay_ms
;TRIGS.c,104 :: 		portd.rd2 = 0;
0x03CD	0x1108      	BCF        PORTD, 2
;TRIGS.c,105 :: 		UART1_Write_Text(codetxt_to_ramtxt(Const_Text3));
0x03CE	0x3054      	MOVLW      _Const_Text3
0x03CF	0x00C9      	MOVWF      FARG_codetxt_to_ramtxt_ctxt
0x03D0	0x3005      	MOVLW      hi_addr(_Const_Text3)
0x03D1	0x00CA      	MOVWF      FARG_codetxt_to_ramtxt_ctxt+1
0x03D2	0x2291      	CALL       _codetxt_to_ramtxt
0x03D3	0x0870      	MOVF       R0, 0
0x03D4	0x00C9      	MOVWF      FARG_UART1_Write_Text_uart_text
0x03D5	0x22B4      	CALL       _UART1_Write_Text
;TRIGS.c,106 :: 		UART1_Write(10);
0x03D6	0x300A      	MOVLW      10
0x03D7	0x00D2      	MOVWF      FARG_UART1_Write_data_
0x03D8	0x202F      	CALL       _UART1_Write
;TRIGS.c,107 :: 		UART1_Write(13);
0x03D9	0x300D      	MOVLW      13
0x03DA	0x00D2      	MOVWF      FARG_UART1_Write_data_
0x03DB	0x202F      	CALL       _UART1_Write
;TRIGS.c,116 :: 		}
L_main15:
;TRIGS.c,117 :: 		if(t[9] == '3'){
0x03DC	0x0848      	MOVF       _t+9, 0
0x03DD	0x3A33      	XORLW      51
0x03DE	0x1D03      	BTFSS      STATUS, 2
0x03DF	0x2BF5      	GOTO       L_main16
;TRIGS.c,118 :: 		portd.rd3 = 1;
0x03E0	0x1588      	BSF        PORTD, 3
;TRIGS.c,119 :: 		Vdelay_ms(wd);
0x03E1	0x0820      	MOVF       _wd, 0
0x03E2	0x00C9      	MOVWF      FARG_VDelay_ms_Time_ms
0x03E3	0x0821      	MOVF       _wd+1, 0
0x03E4	0x00CA      	MOVWF      FARG_VDelay_ms_Time_ms+1
0x03E5	0x2164      	CALL       _VDelay_ms
;TRIGS.c,120 :: 		portd.rd3 = 0;
0x03E6	0x1188      	BCF        PORTD, 3
;TRIGS.c,121 :: 		UART1_Write_Text(codetxt_to_ramtxt(Const_Text4));
0x03E7	0x3068      	MOVLW      _Const_Text4
0x03E8	0x00C9      	MOVWF      FARG_codetxt_to_ramtxt_ctxt
0x03E9	0x3005      	MOVLW      hi_addr(_Const_Text4)
0x03EA	0x00CA      	MOVWF      FARG_codetxt_to_ramtxt_ctxt+1
0x03EB	0x2291      	CALL       _codetxt_to_ramtxt
0x03EC	0x0870      	MOVF       R0, 0
0x03ED	0x00C9      	MOVWF      FARG_UART1_Write_Text_uart_text
0x03EE	0x22B4      	CALL       _UART1_Write_Text
;TRIGS.c,122 :: 		UART1_Write(10);
0x03EF	0x300A      	MOVLW      10
0x03F0	0x00D2      	MOVWF      FARG_UART1_Write_data_
0x03F1	0x202F      	CALL       _UART1_Write
;TRIGS.c,123 :: 		UART1_Write(13);
0x03F2	0x300D      	MOVLW      13
0x03F3	0x00D2      	MOVWF      FARG_UART1_Write_data_
0x03F4	0x202F      	CALL       _UART1_Write
;TRIGS.c,132 :: 		}
L_main16:
;TRIGS.c,133 :: 		if(t[9] == '4'){
0x03F5	0x0848      	MOVF       _t+9, 0
0x03F6	0x3A34      	XORLW      52
0x03F7	0x1D03      	BTFSS      STATUS, 2
0x03F8	0x2C0E      	GOTO       L_main17
;TRIGS.c,134 :: 		portd.rd4 = 1;
0x03F9	0x1608      	BSF        PORTD, 4
;TRIGS.c,135 :: 		Vdelay_ms(wd);
0x03FA	0x0820      	MOVF       _wd, 0
0x03FB	0x00C9      	MOVWF      FARG_VDelay_ms_Time_ms
0x03FC	0x0821      	MOVF       _wd+1, 0
0x03FD	0x00CA      	MOVWF      FARG_VDelay_ms_Time_ms+1
0x03FE	0x2164      	CALL       _VDelay_ms
;TRIGS.c,136 :: 		portd.rd4 = 0;
0x03FF	0x1208      	BCF        PORTD, 4
;TRIGS.c,137 :: 		UART1_Write_Text(codetxt_to_ramtxt(Const_Text5));
0x0400	0x305E      	MOVLW      _Const_Text5
0x0401	0x00C9      	MOVWF      FARG_codetxt_to_ramtxt_ctxt
0x0402	0x3005      	MOVLW      hi_addr(_Const_Text5)
0x0403	0x00CA      	MOVWF      FARG_codetxt_to_ramtxt_ctxt+1
0x0404	0x2291      	CALL       _codetxt_to_ramtxt
0x0405	0x0870      	MOVF       R0, 0
0x0406	0x00C9      	MOVWF      FARG_UART1_Write_Text_uart_text
0x0407	0x22B4      	CALL       _UART1_Write_Text
;TRIGS.c,138 :: 		UART1_Write(10);
0x0408	0x300A      	MOVLW      10
0x0409	0x00D2      	MOVWF      FARG_UART1_Write_data_
0x040A	0x202F      	CALL       _UART1_Write
;TRIGS.c,139 :: 		UART1_Write(13);
0x040B	0x300D      	MOVLW      13
0x040C	0x00D2      	MOVWF      FARG_UART1_Write_data_
0x040D	0x202F      	CALL       _UART1_Write
;TRIGS.c,148 :: 		}
L_main17:
;TRIGS.c,150 :: 		if(t[9] == '5'){
0x040E	0x0848      	MOVF       _t+9, 0
0x040F	0x3A35      	XORLW      53
0x0410	0x1D03      	BTFSS      STATUS, 2
0x0411	0x2C27      	GOTO       L_main18
;TRIGS.c,151 :: 		portd.rd5 = 1;
0x0412	0x1688      	BSF        PORTD, 5
;TRIGS.c,152 :: 		Vdelay_ms(wd);
0x0413	0x0820      	MOVF       _wd, 0
0x0414	0x00C9      	MOVWF      FARG_VDelay_ms_Time_ms
0x0415	0x0821      	MOVF       _wd+1, 0
0x0416	0x00CA      	MOVWF      FARG_VDelay_ms_Time_ms+1
0x0417	0x2164      	CALL       _VDelay_ms
;TRIGS.c,153 :: 		portd.rd5 = 0;
0x0418	0x1288      	BCF        PORTD, 5
;TRIGS.c,154 :: 		UART1_Write_Text(codetxt_to_ramtxt(Const_Text6));
0x0419	0x3022      	MOVLW      _Const_Text6
0x041A	0x00C9      	MOVWF      FARG_codetxt_to_ramtxt_ctxt
0x041B	0x3005      	MOVLW      hi_addr(_Const_Text6)
0x041C	0x00CA      	MOVWF      FARG_codetxt_to_ramtxt_ctxt+1
0x041D	0x2291      	CALL       _codetxt_to_ramtxt
0x041E	0x0870      	MOVF       R0, 0
0x041F	0x00C9      	MOVWF      FARG_UART1_Write_Text_uart_text
0x0420	0x22B4      	CALL       _UART1_Write_Text
;TRIGS.c,155 :: 		UART1_Write(10);
0x0421	0x300A      	MOVLW      10
0x0422	0x00D2      	MOVWF      FARG_UART1_Write_data_
0x0423	0x202F      	CALL       _UART1_Write
;TRIGS.c,156 :: 		UART1_Write(13);
0x0424	0x300D      	MOVLW      13
0x0425	0x00D2      	MOVWF      FARG_UART1_Write_data_
0x0426	0x202F      	CALL       _UART1_Write
;TRIGS.c,165 :: 		}
L_main18:
;TRIGS.c,167 :: 		if(t[9] == '6'){
0x0427	0x0848      	MOVF       _t+9, 0
0x0428	0x3A36      	XORLW      54
0x0429	0x1D03      	BTFSS      STATUS, 2
0x042A	0x2C40      	GOTO       L_main19
;TRIGS.c,168 :: 		portd.rd6 = 1;
0x042B	0x1708      	BSF        PORTD, 6
;TRIGS.c,169 :: 		Vdelay_ms(wd);
0x042C	0x0820      	MOVF       _wd, 0
0x042D	0x00C9      	MOVWF      FARG_VDelay_ms_Time_ms
0x042E	0x0821      	MOVF       _wd+1, 0
0x042F	0x00CA      	MOVWF      FARG_VDelay_ms_Time_ms+1
0x0430	0x2164      	CALL       _VDelay_ms
;TRIGS.c,170 :: 		portd.rd6 = 0;
0x0431	0x1308      	BCF        PORTD, 6
;TRIGS.c,171 :: 		UART1_Write_Text(codetxt_to_ramtxt(Const_Text7));
0x0432	0x302C      	MOVLW      _Const_Text7
0x0433	0x00C9      	MOVWF      FARG_codetxt_to_ramtxt_ctxt
0x0434	0x3005      	MOVLW      hi_addr(_Const_Text7)
0x0435	0x00CA      	MOVWF      FARG_codetxt_to_ramtxt_ctxt+1
0x0436	0x2291      	CALL       _codetxt_to_ramtxt
0x0437	0x0870      	MOVF       R0, 0
0x0438	0x00C9      	MOVWF      FARG_UART1_Write_Text_uart_text
0x0439	0x22B4      	CALL       _UART1_Write_Text
;TRIGS.c,172 :: 		UART1_Write(10);
0x043A	0x300A      	MOVLW      10
0x043B	0x00D2      	MOVWF      FARG_UART1_Write_data_
0x043C	0x202F      	CALL       _UART1_Write
;TRIGS.c,173 :: 		UART1_Write(13);
0x043D	0x300D      	MOVLW      13
0x043E	0x00D2      	MOVWF      FARG_UART1_Write_data_
0x043F	0x202F      	CALL       _UART1_Write
;TRIGS.c,182 :: 		}
L_main19:
;TRIGS.c,184 :: 		if(t[9] == '7'){
0x0440	0x0848      	MOVF       _t+9, 0
0x0441	0x3A37      	XORLW      55
0x0442	0x1D03      	BTFSS      STATUS, 2
0x0443	0x2C59      	GOTO       L_main20
;TRIGS.c,185 :: 		portd.rd7 = 1;
0x0444	0x1788      	BSF        PORTD, 7
;TRIGS.c,186 :: 		Vdelay_ms(wd);
0x0445	0x0820      	MOVF       _wd, 0
0x0446	0x00C9      	MOVWF      FARG_VDelay_ms_Time_ms
0x0447	0x0821      	MOVF       _wd+1, 0
0x0448	0x00CA      	MOVWF      FARG_VDelay_ms_Time_ms+1
0x0449	0x2164      	CALL       _VDelay_ms
;TRIGS.c,187 :: 		portd.rd7 = 0;
0x044A	0x1388      	BCF        PORTD, 7
;TRIGS.c,188 :: 		UART1_Write_Text(codetxt_to_ramtxt(Const_Text8));
0x044B	0x3036      	MOVLW      _Const_Text8
0x044C	0x00C9      	MOVWF      FARG_codetxt_to_ramtxt_ctxt
0x044D	0x3005      	MOVLW      hi_addr(_Const_Text8)
0x044E	0x00CA      	MOVWF      FARG_codetxt_to_ramtxt_ctxt+1
0x044F	0x2291      	CALL       _codetxt_to_ramtxt
0x0450	0x0870      	MOVF       R0, 0
0x0451	0x00C9      	MOVWF      FARG_UART1_Write_Text_uart_text
0x0452	0x22B4      	CALL       _UART1_Write_Text
;TRIGS.c,189 :: 		UART1_Write(10);
0x0453	0x300A      	MOVLW      10
0x0454	0x00D2      	MOVWF      FARG_UART1_Write_data_
0x0455	0x202F      	CALL       _UART1_Write
;TRIGS.c,190 :: 		UART1_Write(13);
0x0456	0x300D      	MOVLW      13
0x0457	0x00D2      	MOVWF      FARG_UART1_Write_data_
0x0458	0x202F      	CALL       _UART1_Write
;TRIGS.c,199 :: 		}
L_main20:
;TRIGS.c,200 :: 		}
L_main12:
;TRIGS.c,203 :: 		if((t[2] == 'I')&(t[3] == 'D')&(t[4] == 'N')&(t[5] == '/')&(t[6] == '*')){
0x0459	0x0841      	MOVF       _t+2, 0
0x045A	0x3A49      	XORLW      73
0x045B	0x3001      	MOVLW      1
0x045C	0x1D03      	BTFSS      STATUS, 2
0x045D	0x3000      	MOVLW      0
0x045E	0x00F1      	MOVWF      R1
0x045F	0x0842      	MOVF       _t+3, 0
0x0460	0x3A44      	XORLW      68
0x0461	0x3001      	MOVLW      1
0x0462	0x1D03      	BTFSS      STATUS, 2
0x0463	0x3000      	MOVLW      0
0x0464	0x00F0      	MOVWF      R0
0x0465	0x0870      	MOVF       R0, 0
0x0466	0x05F1      	ANDWF      R1, 1
0x0467	0x0843      	MOVF       _t+4, 0
0x0468	0x3A4E      	XORLW      78
0x0469	0x3001      	MOVLW      1
0x046A	0x1D03      	BTFSS      STATUS, 2
0x046B	0x3000      	MOVLW      0
0x046C	0x00F0      	MOVWF      R0
0x046D	0x0870      	MOVF       R0, 0
0x046E	0x05F1      	ANDWF      R1, 1
0x046F	0x0844      	MOVF       _t+5, 0
0x0470	0x3A2F      	XORLW      47
0x0471	0x3001      	MOVLW      1
0x0472	0x1D03      	BTFSS      STATUS, 2
0x0473	0x3000      	MOVLW      0
0x0474	0x00F0      	MOVWF      R0
0x0475	0x0870      	MOVF       R0, 0
0x0476	0x05F1      	ANDWF      R1, 1
0x0477	0x0845      	MOVF       _t+6, 0
0x0478	0x3A2A      	XORLW      42
0x0479	0x3001      	MOVLW      1
0x047A	0x1D03      	BTFSS      STATUS, 2
0x047B	0x3000      	MOVLW      0
0x047C	0x00F0      	MOVWF      R0
0x047D	0x0871      	MOVF       R1, 0
0x047E	0x05F0      	ANDWF      R0, 1
0x047F	0x1903      	BTFSC      STATUS, 2
0x0480	0x2C8F      	GOTO       L_main21
;TRIGS.c,204 :: 		UART1_Write_Text(codetxt_to_ramtxt(Const_Text9));
0x0481	0x3017      	MOVLW      _Const_Text9
0x0482	0x00C9      	MOVWF      FARG_codetxt_to_ramtxt_ctxt
0x0483	0x3005      	MOVLW      hi_addr(_Const_Text9)
0x0484	0x00CA      	MOVWF      FARG_codetxt_to_ramtxt_ctxt+1
0x0485	0x2291      	CALL       _codetxt_to_ramtxt
0x0486	0x0870      	MOVF       R0, 0
0x0487	0x00C9      	MOVWF      FARG_UART1_Write_Text_uart_text
0x0488	0x22B4      	CALL       _UART1_Write_Text
;TRIGS.c,205 :: 		UART1_Write(10);
0x0489	0x300A      	MOVLW      10
0x048A	0x00D2      	MOVWF      FARG_UART1_Write_data_
0x048B	0x202F      	CALL       _UART1_Write
;TRIGS.c,206 :: 		UART1_Write(13);
0x048C	0x300D      	MOVLW      13
0x048D	0x00D2      	MOVWF      FARG_UART1_Write_data_
0x048E	0x202F      	CALL       _UART1_Write
;TRIGS.c,215 :: 		}
L_main21:
;TRIGS.c,218 :: 		if((t[6] == 'S')&(t[7] == 'E')&(t[8] == 'T')){
0x048F	0x0845      	MOVF       _t+6, 0
0x0490	0x3A53      	XORLW      83
0x0491	0x3001      	MOVLW      1
0x0492	0x1D03      	BTFSS      STATUS, 2
0x0493	0x3000      	MOVLW      0
0x0494	0x00F1      	MOVWF      R1
0x0495	0x0846      	MOVF       _t+7, 0
0x0496	0x3A45      	XORLW      69
0x0497	0x3001      	MOVLW      1
0x0498	0x1D03      	BTFSS      STATUS, 2
0x0499	0x3000      	MOVLW      0
0x049A	0x00F0      	MOVWF      R0
0x049B	0x0870      	MOVF       R0, 0
0x049C	0x05F1      	ANDWF      R1, 1
0x049D	0x0847      	MOVF       _t+8, 0
0x049E	0x3A54      	XORLW      84
0x049F	0x3001      	MOVLW      1
0x04A0	0x1D03      	BTFSS      STATUS, 2
0x04A1	0x3000      	MOVLW      0
0x04A2	0x00F0      	MOVWF      R0
0x04A3	0x0871      	MOVF       R1, 0
0x04A4	0x05F0      	ANDWF      R0, 1
0x04A5	0x1903      	BTFSC      STATUS, 2
0x04A6	0x2CF7      	GOTO       L_main22
;TRIGS.c,219 :: 		if((t[9] == 'W')&(t[10] == 'D')){
0x04A7	0x0848      	MOVF       _t+9, 0
0x04A8	0x3A57      	XORLW      87
0x04A9	0x3001      	MOVLW      1
0x04AA	0x1D03      	BTFSS      STATUS, 2
0x04AB	0x3000      	MOVLW      0
0x04AC	0x00F1      	MOVWF      R1
0x04AD	0x0849      	MOVF       _t+10, 0
0x04AE	0x3A44      	XORLW      68
0x04AF	0x3001      	MOVLW      1
0x04B0	0x1D03      	BTFSS      STATUS, 2
0x04B1	0x3000      	MOVLW      0
0x04B2	0x00F0      	MOVWF      R0
0x04B3	0x0871      	MOVF       R1, 0
0x04B4	0x05F0      	ANDWF      R0, 1
0x04B5	0x1903      	BTFSC      STATUS, 2
0x04B6	0x2CD6      	GOTO       L_main23
;TRIGS.c,220 :: 		UART1_Write_Text(codetxt_to_ramtxt(Const_Text10));
0x04B7	0x30F9      	MOVLW      _Const_Text10
0x04B8	0x00C9      	MOVWF      FARG_codetxt_to_ramtxt_ctxt
0x04B9	0x3004      	MOVLW      hi_addr(_Const_Text10)
0x04BA	0x00CA      	MOVWF      FARG_codetxt_to_ramtxt_ctxt+1
0x04BB	0x2291      	CALL       _codetxt_to_ramtxt
0x04BC	0x0870      	MOVF       R0, 0
0x04BD	0x00C9      	MOVWF      FARG_UART1_Write_Text_uart_text
0x04BE	0x22B4      	CALL       _UART1_Write_Text
;TRIGS.c,221 :: 		wd = atoi(&t[2]);
0x04BF	0x3041      	MOVLW      _t+2
0x04C0	0x00C9      	MOVWF      FARG_atoi_s
0x04C1	0x20F4      	CALL       _atoi
0x04C2	0x0870      	MOVF       R0, 0
0x04C3	0x00A0      	MOVWF      _wd
0x04C4	0x0871      	MOVF       R0+1, 0
0x04C5	0x00A1      	MOVWF      _wd+1
;TRIGS.c,222 :: 		IntToStr(wd,a);
0x04C6	0x0870      	MOVF       R0, 0
0x04C7	0x00C9      	MOVWF      FARG_IntToStr_input
0x04C8	0x0871      	MOVF       R0+1, 0
0x04C9	0x00CA      	MOVWF      FARG_IntToStr_input+1
0x04CA	0x303A      	MOVLW      _a
0x04CB	0x00CB      	MOVWF      FARG_IntToStr_output
0x04CC	0x2217      	CALL       _IntToStr
;TRIGS.c,223 :: 		UART1_Write_Text(a);
0x04CD	0x303A      	MOVLW      _a
0x04CE	0x00C9      	MOVWF      FARG_UART1_Write_Text_uart_text
0x04CF	0x22B4      	CALL       _UART1_Write_Text
;TRIGS.c,224 :: 		UART1_Write(10);
0x04D0	0x300A      	MOVLW      10
0x04D1	0x00D2      	MOVWF      FARG_UART1_Write_data_
0x04D2	0x202F      	CALL       _UART1_Write
;TRIGS.c,225 :: 		UART1_Write(13);
0x04D3	0x300D      	MOVLW      13
0x04D4	0x00D2      	MOVWF      FARG_UART1_Write_data_
0x04D5	0x202F      	CALL       _UART1_Write
;TRIGS.c,234 :: 		}
L_main23:
;TRIGS.c,235 :: 		if((t[9] == 'D')&(t[10] == 'L')){
0x04D6	0x0848      	MOVF       _t+9, 0
0x04D7	0x3A44      	XORLW      68
0x04D8	0x3001      	MOVLW      1
0x04D9	0x1D03      	BTFSS      STATUS, 2
0x04DA	0x3000      	MOVLW      0
0x04DB	0x00F1      	MOVWF      R1
0x04DC	0x0849      	MOVF       _t+10, 0
0x04DD	0x3A4C      	XORLW      76
0x04DE	0x3001      	MOVLW      1
0x04DF	0x1D03      	BTFSS      STATUS, 2
0x04E0	0x3000      	MOVLW      0
0x04E1	0x00F0      	MOVWF      R0
0x04E2	0x0871      	MOVF       R1, 0
0x04E3	0x05F0      	ANDWF      R0, 1
0x04E4	0x1903      	BTFSC      STATUS, 2
0x04E5	0x2CF7      	GOTO       L_main24
;TRIGS.c,236 :: 		UART1_Write_Text(codetxt_to_ramtxt(Const_Text11));
0x04E6	0x3008      	MOVLW      _Const_Text11
0x04E7	0x00C9      	MOVWF      FARG_codetxt_to_ramtxt_ctxt
0x04E8	0x3005      	MOVLW      hi_addr(_Const_Text11)
0x04E9	0x00CA      	MOVWF      FARG_codetxt_to_ramtxt_ctxt+1
0x04EA	0x2291      	CALL       _codetxt_to_ramtxt
0x04EB	0x0870      	MOVF       R0, 0
0x04EC	0x00C9      	MOVWF      FARG_UART1_Write_Text_uart_text
0x04ED	0x22B4      	CALL       _UART1_Write_Text
;TRIGS.c,239 :: 		UART1_Write_Text(a);
0x04EE	0x303A      	MOVLW      _a
0x04EF	0x00C9      	MOVWF      FARG_UART1_Write_Text_uart_text
0x04F0	0x22B4      	CALL       _UART1_Write_Text
;TRIGS.c,240 :: 		UART1_Write(10);
0x04F1	0x300A      	MOVLW      10
0x04F2	0x00D2      	MOVWF      FARG_UART1_Write_data_
0x04F3	0x202F      	CALL       _UART1_Write
;TRIGS.c,241 :: 		UART1_Write(13);
0x04F4	0x300D      	MOVLW      13
0x04F5	0x00D2      	MOVWF      FARG_UART1_Write_data_
0x04F6	0x202F      	CALL       _UART1_Write
;TRIGS.c,252 :: 		}
L_main24:
;TRIGS.c,253 :: 		}
L_main22:
;TRIGS.c,254 :: 		}
L_main11:
;TRIGS.c,255 :: 		}
0x04F7	0x2B4D      	GOTO       L_main9
;TRIGS.c,256 :: 		}
L_end_main:
0x04F8	0x2CF8      	GOTO       $+0
; end of _main
;TRIGS.c,21 :: _Const_Text10
0x04F9	0x3457 ;_Const_Text10+0
0x04FA	0x3469 ;_Const_Text10+1
0x04FB	0x3464 ;_Const_Text10+2
0x04FC	0x3474 ;_Const_Text10+3
0x04FD	0x3468 ;_Const_Text10+4
0x04FE	0x3420 ;_Const_Text10+5
0x04FF	0x3473 ;_Const_Text10+6
0x0500	0x3465 ;_Const_Text10+7
0x0501	0x3474 ;_Const_Text10+8
0x0502	0x3420 ;_Const_Text10+9
0x0503	0x3474 ;_Const_Text10+10
0x0504	0x346F ;_Const_Text10+11
0x0505	0x343A ;_Const_Text10+12
0x0506	0x3420 ;_Const_Text10+13
0x0507	0x3400 ;_Const_Text10+14
; end of _Const_Text10
;TRIGS.c,22 :: _Const_Text11
0x0508	0x3444 ;_Const_Text11+0
0x0509	0x3465 ;_Const_Text11+1
0x050A	0x346C ;_Const_Text11+2
0x050B	0x3461 ;_Const_Text11+3
0x050C	0x3479 ;_Const_Text11+4
0x050D	0x3420 ;_Const_Text11+5
0x050E	0x3473 ;_Const_Text11+6
0x050F	0x3465 ;_Const_Text11+7
0x0510	0x3474 ;_Const_Text11+8
0x0511	0x3420 ;_Const_Text11+9
0x0512	0x3474 ;_Const_Text11+10
0x0513	0x346F ;_Const_Text11+11
0x0514	0x343A ;_Const_Text11+12
0x0515	0x3420 ;_Const_Text11+13
0x0516	0x3400 ;_Const_Text11+14
; end of _Const_Text11
;TRIGS.c,20 :: _Const_Text9
0x0517	0x3454 ;_Const_Text9+0
0x0518	0x3452 ;_Const_Text9+1
0x0519	0x3449 ;_Const_Text9+2
0x051A	0x3447 ;_Const_Text9+3
0x051B	0x342D ;_Const_Text9+4
0x051C	0x3453 ;_Const_Text9+5
0x051D	0x3420 ;_Const_Text9+6
0x051E	0x3476 ;_Const_Text9+7
0x051F	0x3430 ;_Const_Text9+8
0x0520	0x3431 ;_Const_Text9+9
0x0521	0x3400 ;_Const_Text9+10
; end of _Const_Text9
;TRIGS.c,17 :: _Const_Text6
0x0522	0x3443 ;_Const_Text6+0
0x0523	0x3448 ;_Const_Text6+1
0x0524	0x3436 ;_Const_Text6+2
0x0525	0x3420 ;_Const_Text6+3
0x0526	0x3454 ;_Const_Text6+4
0x0527	0x3472 ;_Const_Text6+5
0x0528	0x3469 ;_Const_Text6+6
0x0529	0x3467 ;_Const_Text6+7
0x052A	0x3464 ;_Const_Text6+8
0x052B	0x3400 ;_Const_Text6+9
; end of _Const_Text6
;TRIGS.c,18 :: _Const_Text7
0x052C	0x3443 ;_Const_Text7+0
0x052D	0x3448 ;_Const_Text7+1
0x052E	0x3437 ;_Const_Text7+2
0x052F	0x3420 ;_Const_Text7+3
0x0530	0x3454 ;_Const_Text7+4
0x0531	0x3472 ;_Const_Text7+5
0x0532	0x3469 ;_Const_Text7+6
0x0533	0x3467 ;_Const_Text7+7
0x0534	0x3464 ;_Const_Text7+8
0x0535	0x3400 ;_Const_Text7+9
; end of _Const_Text7
;TRIGS.c,19 :: _Const_Text8
0x0536	0x3443 ;_Const_Text8+0
0x0537	0x3448 ;_Const_Text8+1
0x0538	0x3438 ;_Const_Text8+2
0x0539	0x3420 ;_Const_Text8+3
0x053A	0x3454 ;_Const_Text8+4
0x053B	0x3472 ;_Const_Text8+5
0x053C	0x3469 ;_Const_Text8+6
0x053D	0x3467 ;_Const_Text8+7
0x053E	0x3464 ;_Const_Text8+8
0x053F	0x3400 ;_Const_Text8+9
; end of _Const_Text8
;TRIGS.c,13 :: _Const_Text2
0x0540	0x3443 ;_Const_Text2+0
0x0541	0x3448 ;_Const_Text2+1
0x0542	0x3432 ;_Const_Text2+2
0x0543	0x3420 ;_Const_Text2+3
0x0544	0x3454 ;_Const_Text2+4
0x0545	0x3472 ;_Const_Text2+5
0x0546	0x3469 ;_Const_Text2+6
0x0547	0x3467 ;_Const_Text2+7
0x0548	0x3464 ;_Const_Text2+8
0x0549	0x3400 ;_Const_Text2+9
; end of _Const_Text2
;TRIGS.c,12 :: _Const_Text1
0x054A	0x3443 ;_Const_Text1+0
0x054B	0x3448 ;_Const_Text1+1
0x054C	0x3431 ;_Const_Text1+2
0x054D	0x3420 ;_Const_Text1+3
0x054E	0x3454 ;_Const_Text1+4
0x054F	0x3472 ;_Const_Text1+5
0x0550	0x3469 ;_Const_Text1+6
0x0551	0x3467 ;_Const_Text1+7
0x0552	0x3464 ;_Const_Text1+8
0x0553	0x3400 ;_Const_Text1+9
; end of _Const_Text1
;TRIGS.c,14 :: _Const_Text3
0x0554	0x3443 ;_Const_Text3+0
0x0555	0x3448 ;_Const_Text3+1
0x0556	0x3433 ;_Const_Text3+2
0x0557	0x3420 ;_Const_Text3+3
0x0558	0x3454 ;_Const_Text3+4
0x0559	0x3472 ;_Const_Text3+5
0x055A	0x3469 ;_Const_Text3+6
0x055B	0x3467 ;_Const_Text3+7
0x055C	0x3464 ;_Const_Text3+8
0x055D	0x3400 ;_Const_Text3+9
; end of _Const_Text3
;TRIGS.c,16 :: _Const_Text5
0x055E	0x3443 ;_Const_Text5+0
0x055F	0x3448 ;_Const_Text5+1
0x0560	0x3435 ;_Const_Text5+2
0x0561	0x3420 ;_Const_Text5+3
0x0562	0x3454 ;_Const_Text5+4
0x0563	0x3472 ;_Const_Text5+5
0x0564	0x3469 ;_Const_Text5+6
0x0565	0x3467 ;_Const_Text5+7
0x0566	0x3464 ;_Const_Text5+8
0x0567	0x3400 ;_Const_Text5+9
; end of _Const_Text5
;TRIGS.c,15 :: _Const_Text4
0x0568	0x3443 ;_Const_Text4+0
0x0569	0x3448 ;_Const_Text4+1
0x056A	0x3434 ;_Const_Text4+2
0x056B	0x3420 ;_Const_Text4+3
0x056C	0x3454 ;_Const_Text4+4
0x056D	0x3472 ;_Const_Text4+5
0x056E	0x3469 ;_Const_Text4+6
0x056F	0x3467 ;_Const_Text4+7
0x0570	0x3464 ;_Const_Text4+8
0x0571	0x3400 ;_Const_Text4+9
; end of _Const_Text4
Symbol List:
//** Routines locations **
//ADDRESS    SIZE    PROCEDURE
//----------------------------------------------
0x0003      [29]    _Div_16X16_U
0x0020      [15]    _isdigit
0x002F      [10]    _UART1_Write
0x0039      [64]    _WordToStr
0x0079      [43]    _Mul_16X16_U
0x00A4      [55]    _Mul_32x32_U
0x00DB      [11]    _UART1_Read
0x00E6       [7]    _____DoICP
0x00ED       [7]    _UART1_Data_Ready
0x00F4     [112]    _atoi
0x0164     [112]    _VDelay_ms
0x01D4      [67]    _UART1_Read_Text
0x0217     [106]    _IntToStr
0x0281      [16]    _UART1_Init
0x0291      [35]    _codetxt_to_ramtxt
0x02B4      [22]    _UART1_Write_Text
0x02CA      [12]    ___CC2DW
0x02D6     [547]    _main
//** Variables locations ** 
//ADDRESS    SIZE    VARIABLE
//----------------------------------------------
0x0000       [1]    INDF
0x0002       [1]    PCL
0x0003       [1]    STATUS
0x0004       [1]    FSR
0x0005       [1]    PORTA
0x0006       [1]    PORTB
0x0007       [1]    PORTC
0x0008       [1]    PORTD
0x000A       [1]    PCLATH
0x000C       [1]    PIR1
0x0018       [1]    RCSTA
0x0019       [1]    TXREG
0x001A       [1]    RCREG
0x0020       [2]    _wd
0x0022       [2]    ?lstr1_TRIGS
0x0024      [20]    codetxt_to_ramtxt_txt_L0
0x0038       [2]    ___DoICPAddr
0x003A       [5]    _a
0x003F      [10]    _t
0x0049       [1]    FARG_UART1_Read_Text_Output
0x0049       [1]    FARG_UART1_Write_Text_uart_text
0x0049       [2]    FARG_codetxt_to_ramtxt_ctxt
0x0049       [2]    FARG_IntToStr_input
0x0049       [2]    FARG_VDelay_ms_Time_ms
0x0049       [1]    FARG_atoi_s
0x004A       [1]    FARG_UART1_Read_Text_Delimiter
0x004A       [1]    UART1_Write_Text_data__L0
0x004A       [2]    atoi_c_L0
0x004B       [1]    FARG_IntToStr_output
0x004B       [1]    FARG_UART1_Read_Text_Attempts
0x004B       [4]    VDelay_ms_NumberOfCyc_L0
0x004B       [1]    UART1_Write_Text_counter_L0
0x004C       [2]    atoi_a_L0
0x004C       [1]    UART1_Read_Text_r_data_L0
0x004C       [2]    IntToStr_i_L0
0x004D       [1]    UART1_Read_Text_out_idx_L0
0x004E       [2]    atoi_sign_L0
0x004E       [1]    UART1_Read_Text_delim_idx_L0
0x004E       [2]    IntToStr_negative_L0
0x0050       [2]    IntToStr_inword_L0
0x0052       [2]    FARG_WordToStr_input
0x0052       [1]    FARG_isdigit_character
0x0052       [1]    FARG_UART1_Write_data_
0x0054       [1]    FARG_WordToStr_output
0x0055       [1]    WordToStr_len_L0
0x0056       [1]    FLOC__WordToStr
0x0070       [1]    R0
0x0071       [1]    R1
0x0072       [1]    R2
0x0073       [1]    R3
0x0074       [1]    R4
0x0075       [1]    R5
0x0076       [1]    R6
0x0077       [1]    R7
0x0078       [1]    R8
0x0079       [1]    R9
0x007A       [1]    R10
0x007B       [1]    R11
0x007C       [1]    R12
0x007D       [1]    R13
0x007E       [1]    R14
0x007F       [1]    R15
0x0085       [1]    TRISA
0x0086       [1]    TRISB
0x0087       [1]    TRISC
0x0087       [0]    TRISC6_bit
0x0087       [0]    TRISC7_bit
0x0088       [1]    TRISD
0x0098       [1]    TXSTA
0x0099       [1]    SPBRG
//** Constants locations ** 
//ADDRESS    SIZE    CONSTANT
//----------------------------------------------
0x04F9      [15]    _Const_Text10
0x0508      [15]    _Const_Text11
0x0517      [11]    _Const_Text9
0x0522      [10]    _Const_Text6
0x052C      [10]    _Const_Text7
0x0536      [10]    _Const_Text8
0x0540      [10]    _Const_Text2
0x054A      [10]    _Const_Text1
0x0554      [10]    _Const_Text3
0x055E      [10]    _Const_Text5
0x0568      [10]    _Const_Text4
